11:48:11.749 paywei [main] INFO  com.demo.paywei.PayweiApplication - Starting PayweiApplication on DESKTOP-4IL9A7A with PID 31488 (F:\paywei\target\classes started by Yang in F:\paywei)
11:48:11.749 paywei [main] INFO  com.demo.paywei.PayweiApplication - No active profile set, falling back to default profiles: default
11:48:13.015 paywei [main] INFO  o.s.b.w.e.tomcat.TomcatWebServer - Tomcat initialized with port(s): 8080 (http)
11:48:13.030 paywei [main] INFO  o.a.coyote.http11.Http11NioProtocol - Initializing ProtocolHandler ["http-nio-8080"]
11:48:13.030 paywei [main] INFO  o.a.catalina.core.StandardService - Starting service [Tomcat]
11:48:13.030 paywei [main] INFO  o.a.catalina.core.StandardEngine - Starting Servlet engine: [Apache Tomcat/9.0.29]
11:48:13.155 paywei [main] INFO  o.a.c.c.C.[Tomcat].[localhost].[/] - Initializing Spring embedded WebApplicationContext
11:48:13.155 paywei [main] INFO  o.s.web.context.ContextLoader - Root WebApplicationContext: initialization completed in 1343 ms
11:48:13.483 paywei [main] INFO  o.s.s.c.ThreadPoolTaskExecutor - Initializing ExecutorService 'applicationTaskExecutor'
11:48:13.546 paywei [main] INFO  o.s.b.a.w.s.WelcomePageHandlerMapping - Adding welcome page template: index
11:48:13.796 paywei [main] INFO  o.a.coyote.http11.Http11NioProtocol - Starting ProtocolHandler ["http-nio-8080"]
11:48:13.827 paywei [main] INFO  o.s.b.w.e.tomcat.TomcatWebServer - Tomcat started on port(s): 8080 (http) with context path ''
11:48:13.827 paywei [main] INFO  com.demo.paywei.PayweiApplication - Started PayweiApplication in 2.368 seconds (JVM running for 3.416)
11:48:28.083 paywei [http-nio-8080-exec-1] INFO  o.a.tomcat.util.http.parser.Cookie - A cookie header was received [1599728089,1600242320,1600305083; JSESSIONID=30079E3BE2BA75E621562BFB3B226BB0; Hm_lpvt_b393d153aeb26b46e9431fabaf0f6190=1600400533] that contained an invalid cookie. That cookie will be ignored.
 Note: further occurrences of this error will be logged at DEBUG level.
11:48:28.087 paywei [http-nio-8080-exec-1] INFO  o.a.c.c.C.[Tomcat].[localhost].[/] - Initializing Spring DispatcherServlet 'dispatcherServlet'
11:48:28.087 paywei [http-nio-8080-exec-1] INFO  o.s.web.servlet.DispatcherServlet - Initializing Servlet 'dispatcherServlet'
11:48:28.091 paywei [http-nio-8080-exec-1] INFO  o.s.web.servlet.DispatcherServlet - Completed initialization in 4 ms
11:48:46.429 paywei [main] INFO  o.s.b.t.c.SpringBootTestContextBootstrapper - Neither @ContextConfiguration nor @ContextHierarchy found for test class [com.demo.paywei.PayweiApplicationTests], using SpringBootContextLoader
11:48:46.429 paywei [main] INFO  o.s.t.c.s.AbstractContextLoader - Could not detect default resource locations for test class [com.demo.paywei.PayweiApplicationTests]: no resource found for suffixes {-context.xml, Context.groovy}.
11:48:46.429 paywei [main] INFO  o.s.t.c.s.AnnotationConfigContextLoaderUtils - Could not detect default configuration classes for test class [com.demo.paywei.PayweiApplicationTests]: PayweiApplicationTests does not declare any static, non-private, non-final, nested classes annotated with @Configuration.
11:48:46.507 paywei [main] INFO  o.s.b.t.c.SpringBootTestContextBootstrapper - Found @SpringBootConfiguration com.demo.paywei.PayweiApplication for test class com.demo.paywei.PayweiApplicationTests
11:48:46.585 paywei [main] INFO  o.s.b.t.c.SpringBootTestContextBootstrapper - Loaded default TestExecutionListener class names from location [META-INF/spring.factories]: [org.springframework.boot.test.mock.mockito.MockitoTestExecutionListener, org.springframework.boot.test.mock.mockito.ResetMocksTestExecutionListener, org.springframework.boot.test.autoconfigure.restdocs.RestDocsTestExecutionListener, org.springframework.boot.test.autoconfigure.web.client.MockRestServiceServerResetTestExecutionListener, org.springframework.boot.test.autoconfigure.web.servlet.MockMvcPrintOnlyOnFailureTestExecutionListener, org.springframework.boot.test.autoconfigure.web.servlet.WebDriverTestExecutionListener, org.springframework.test.context.web.ServletTestExecutionListener, org.springframework.test.context.support.DirtiesContextBeforeModesTestExecutionListener, org.springframework.test.context.support.DependencyInjectionTestExecutionListener, org.springframework.test.context.support.DirtiesContextTestExecutionListener, org.springframework.test.context.transaction.TransactionalTestExecutionListener, org.springframework.test.context.jdbc.SqlScriptsTestExecutionListener, org.springframework.test.context.event.EventPublishingTestExecutionListener]
11:48:46.601 paywei [main] INFO  o.s.b.t.c.SpringBootTestContextBootstrapper - Using TestExecutionListeners: [org.springframework.test.context.web.ServletTestExecutionListener@1a5b6f42, org.springframework.test.context.support.DirtiesContextBeforeModesTestExecutionListener@5038d0b5, org.springframework.boot.test.mock.mockito.MockitoTestExecutionListener@32115b28, org.springframework.boot.test.autoconfigure.SpringBootDependencyInjectionTestExecutionListener@2ad48653, org.springframework.test.context.support.DirtiesContextTestExecutionListener@6bb4dd34, org.springframework.test.context.transaction.TransactionalTestExecutionListener@7d9f158f, org.springframework.test.context.jdbc.SqlScriptsTestExecutionListener@45efd90f, org.springframework.test.context.event.EventPublishingTestExecutionListener@4b8729ff, org.springframework.boot.test.mock.mockito.ResetMocksTestExecutionListener@61710c6, org.springframework.boot.test.autoconfigure.restdocs.RestDocsTestExecutionListener@3214ee6, org.springframework.boot.test.autoconfigure.web.client.MockRestServiceServerResetTestExecutionListener@383dc82c, org.springframework.boot.test.autoconfigure.web.servlet.MockMvcPrintOnlyOnFailureTestExecutionListener@4a07d605, org.springframework.boot.test.autoconfigure.web.servlet.WebDriverTestExecutionListener@74287ea3]
11:48:46.851 paywei [main] INFO  c.demo.paywei.PayweiApplicationTests - Starting PayweiApplicationTests on DESKTOP-4IL9A7A with PID 3808 (started by Yang in F:\paywei)
11:48:46.851 paywei [main] INFO  c.demo.paywei.PayweiApplicationTests - No active profile set, falling back to default profiles: default
11:48:48.288 paywei [main] INFO  o.s.s.c.ThreadPoolTaskExecutor - Initializing ExecutorService 'applicationTaskExecutor'
11:48:48.368 paywei [main] INFO  o.s.b.a.w.s.WelcomePageHandlerMapping - Adding welcome page template: index
11:48:48.633 paywei [main] INFO  c.demo.paywei.PayweiApplicationTests - Started PayweiApplicationTests in 2.003 seconds (JVM running for 2.899)
11:48:48.930 paywei [SpringContextShutdownHook] INFO  o.s.s.c.ThreadPoolTaskExecutor - Shutting down ExecutorService 'applicationTaskExecutor'
