09:07:33.200 paywei [main] INFO  com.demo.paywei.PayweiApplication - Starting PayweiApplication on DESKTOP-4IL9A7A with PID 15032 (F:\paywei\target\classes started by Yang in F:\paywei)
09:07:33.202 paywei [main] INFO  com.demo.paywei.PayweiApplication - No active profile set, falling back to default profiles: default
09:07:34.787 paywei [main] INFO  o.s.b.w.e.tomcat.TomcatWebServer - Tomcat initialized with port(s): 8080 (http)
09:07:34.799 paywei [main] INFO  o.a.coyote.http11.Http11NioProtocol - Initializing ProtocolHandler ["http-nio-8080"]
09:07:34.800 paywei [main] INFO  o.a.catalina.core.StandardService - Starting service [Tomcat]
09:07:34.800 paywei [main] INFO  o.a.catalina.core.StandardEngine - Starting Servlet engine: [Apache Tomcat/9.0.29]
09:07:34.960 paywei [main] INFO  o.a.c.c.C.[Tomcat].[localhost].[/] - Initializing Spring embedded WebApplicationContext
09:07:34.960 paywei [main] INFO  o.s.web.context.ContextLoader - Root WebApplicationContext: initialization completed in 1681 ms
09:07:35.343 paywei [main] INFO  o.s.s.c.ThreadPoolTaskExecutor - Initializing ExecutorService 'applicationTaskExecutor'
09:07:35.416 paywei [main] INFO  o.s.b.a.w.s.WelcomePageHandlerMapping - Adding welcome page template: index
09:07:35.645 paywei [main] INFO  o.a.coyote.http11.Http11NioProtocol - Starting ProtocolHandler ["http-nio-8080"]
09:07:35.669 paywei [main] INFO  o.s.b.w.e.tomcat.TomcatWebServer - Tomcat started on port(s): 8080 (http) with context path ''
09:07:35.671 paywei [main] INFO  com.demo.paywei.PayweiApplication - Started PayweiApplication in 3.061 seconds (JVM running for 5.231)
09:08:20.449 paywei [main] INFO  com.demo.paywei.PayweiApplication - Starting PayweiApplication on DESKTOP-4IL9A7A with PID 6376 (F:\paywei\target\classes started by Yang in F:\paywei)
09:08:20.456 paywei [main] INFO  com.demo.paywei.PayweiApplication - No active profile set, falling back to default profiles: default
09:08:21.242 paywei [main] INFO  o.s.b.w.e.tomcat.TomcatWebServer - Tomcat initialized with port(s): 8080 (http)
09:08:21.248 paywei [main] INFO  o.a.coyote.http11.Http11NioProtocol - Initializing ProtocolHandler ["http-nio-8080"]
09:08:21.248 paywei [main] INFO  o.a.catalina.core.StandardService - Starting service [Tomcat]
09:08:21.249 paywei [main] INFO  o.a.catalina.core.StandardEngine - Starting Servlet engine: [Apache Tomcat/9.0.29]
09:08:21.354 paywei [main] INFO  o.a.c.c.C.[Tomcat].[localhost].[/] - Initializing Spring embedded WebApplicationContext
09:08:21.354 paywei [main] INFO  o.s.web.context.ContextLoader - Root WebApplicationContext: initialization completed in 870 ms
09:08:21.669 paywei [main] INFO  o.s.s.c.ThreadPoolTaskExecutor - Initializing ExecutorService 'applicationTaskExecutor'
09:08:21.713 paywei [main] INFO  o.s.b.a.w.s.WelcomePageHandlerMapping - Adding welcome page template: index
09:08:21.848 paywei [main] INFO  o.a.coyote.http11.Http11NioProtocol - Starting ProtocolHandler ["http-nio-8080"]
09:08:21.865 paywei [main] INFO  o.s.b.w.e.tomcat.TomcatWebServer - Tomcat started on port(s): 8080 (http) with context path ''
09:08:21.868 paywei [main] INFO  com.demo.paywei.PayweiApplication - Started PayweiApplication in 1.673 seconds (JVM running for 2.787)
09:08:33.789 paywei [http-nio-8080-exec-1] INFO  o.a.tomcat.util.http.parser.Cookie - A cookie header was received [1600659944,1600736724; Hm_lpvt_b393d153aeb26b46e9431fabaf0f6190=1600736724] that contained an invalid cookie. That cookie will be ignored.
 Note: further occurrences of this error will be logged at DEBUG level.
09:08:33.795 paywei [http-nio-8080-exec-1] INFO  o.a.c.c.C.[Tomcat].[localhost].[/] - Initializing Spring DispatcherServlet 'dispatcherServlet'
09:08:33.795 paywei [http-nio-8080-exec-1] INFO  o.s.web.servlet.DispatcherServlet - Initializing Servlet 'dispatcherServlet'
09:08:33.800 paywei [http-nio-8080-exec-1] INFO  o.s.web.servlet.DispatcherServlet - Completed initialization in 5 ms
09:14:43.989 paywei [main] INFO  com.demo.paywei.PayweiApplication - Starting PayweiApplication on DESKTOP-4IL9A7A with PID 18528 (F:\paywei\target\classes started by Yang in F:\paywei)
09:14:43.991 paywei [main] INFO  com.demo.paywei.PayweiApplication - No active profile set, falling back to default profiles: default
09:14:44.709 paywei [main] INFO  o.s.b.w.e.tomcat.TomcatWebServer - Tomcat initialized with port(s): 8080 (http)
09:14:44.715 paywei [main] INFO  o.a.coyote.http11.Http11NioProtocol - Initializing ProtocolHandler ["http-nio-8080"]
09:14:44.715 paywei [main] INFO  o.a.catalina.core.StandardService - Starting service [Tomcat]
09:14:44.715 paywei [main] INFO  o.a.catalina.core.StandardEngine - Starting Servlet engine: [Apache Tomcat/9.0.29]
09:14:44.830 paywei [main] INFO  o.a.c.c.C.[Tomcat].[localhost].[/] - Initializing Spring embedded WebApplicationContext
09:14:44.830 paywei [main] INFO  o.s.web.context.ContextLoader - Root WebApplicationContext: initialization completed in 806 ms
09:14:45.207 paywei [main] INFO  o.s.s.c.ThreadPoolTaskExecutor - Initializing ExecutorService 'applicationTaskExecutor'
09:14:45.252 paywei [main] INFO  o.s.b.a.w.s.WelcomePageHandlerMapping - Adding welcome page template: index
09:14:45.387 paywei [main] INFO  o.a.coyote.http11.Http11NioProtocol - Starting ProtocolHandler ["http-nio-8080"]
09:14:45.406 paywei [main] INFO  o.s.b.w.e.tomcat.TomcatWebServer - Tomcat started on port(s): 8080 (http) with context path ''
09:14:45.408 paywei [main] INFO  com.demo.paywei.PayweiApplication - Started PayweiApplication in 1.624 seconds (JVM running for 3.215)
09:14:46.870 paywei [http-nio-8080-exec-1] INFO  o.a.tomcat.util.http.parser.Cookie - A cookie header was received [1600659944,1600736724; Hm_lpvt_b393d153aeb26b46e9431fabaf0f6190=1600736724] that contained an invalid cookie. That cookie will be ignored.
 Note: further occurrences of this error will be logged at DEBUG level.
09:14:46.874 paywei [http-nio-8080-exec-1] INFO  o.a.c.c.C.[Tomcat].[localhost].[/] - Initializing Spring DispatcherServlet 'dispatcherServlet'
09:14:46.874 paywei [http-nio-8080-exec-1] INFO  o.s.web.servlet.DispatcherServlet - Initializing Servlet 'dispatcherServlet'
09:14:46.878 paywei [http-nio-8080-exec-1] INFO  o.s.web.servlet.DispatcherServlet - Completed initialization in 3 ms
09:20:22.254 paywei [main] INFO  com.demo.paywei.PayweiApplication - Starting PayweiApplication on DESKTOP-4IL9A7A with PID 17928 (F:\paywei\target\classes started by Yang in F:\paywei)
09:20:22.256 paywei [main] INFO  com.demo.paywei.PayweiApplication - No active profile set, falling back to default profiles: default
09:20:22.974 paywei [main] INFO  o.s.b.w.e.tomcat.TomcatWebServer - Tomcat initialized with port(s): 8080 (http)
09:20:22.980 paywei [main] INFO  o.a.coyote.http11.Http11NioProtocol - Initializing ProtocolHandler ["http-nio-8080"]
09:20:22.981 paywei [main] INFO  o.a.catalina.core.StandardService - Starting service [Tomcat]
09:20:22.981 paywei [main] INFO  o.a.catalina.core.StandardEngine - Starting Servlet engine: [Apache Tomcat/9.0.29]
09:20:23.093 paywei [main] INFO  o.a.c.c.C.[Tomcat].[localhost].[/] - Initializing Spring embedded WebApplicationContext
09:20:23.094 paywei [main] INFO  o.s.web.context.ContextLoader - Root WebApplicationContext: initialization completed in 804 ms
09:20:23.410 paywei [main] INFO  o.s.s.c.ThreadPoolTaskExecutor - Initializing ExecutorService 'applicationTaskExecutor'
09:20:23.454 paywei [main] INFO  o.s.b.a.w.s.WelcomePageHandlerMapping - Adding welcome page template: index
09:20:23.597 paywei [main] INFO  o.a.coyote.http11.Http11NioProtocol - Starting ProtocolHandler ["http-nio-8080"]
09:20:23.617 paywei [main] INFO  o.s.b.w.e.tomcat.TomcatWebServer - Tomcat started on port(s): 8080 (http) with context path ''
09:20:23.619 paywei [main] INFO  com.demo.paywei.PayweiApplication - Started PayweiApplication in 1.6 seconds (JVM running for 3.295)
09:20:23.659 paywei [http-nio-8080-exec-1] INFO  o.a.tomcat.util.http.parser.Cookie - A cookie header was received [1600659944,1600736724; Hm_lpvt_b393d153aeb26b46e9431fabaf0f6190=1600736724] that contained an invalid cookie. That cookie will be ignored.
 Note: further occurrences of this error will be logged at DEBUG level.
09:20:23.663 paywei [http-nio-8080-exec-1] INFO  o.a.c.c.C.[Tomcat].[localhost].[/] - Initializing Spring DispatcherServlet 'dispatcherServlet'
09:20:23.664 paywei [http-nio-8080-exec-1] INFO  o.s.web.servlet.DispatcherServlet - Initializing Servlet 'dispatcherServlet'
09:20:23.667 paywei [http-nio-8080-exec-1] INFO  o.s.web.servlet.DispatcherServlet - Completed initialization in 3 ms
09:20:48.080 paywei [main] INFO  com.demo.paywei.PayweiApplication - Starting PayweiApplication on DESKTOP-4IL9A7A with PID 19652 (F:\paywei\target\classes started by Yang in F:\paywei)
09:20:48.082 paywei [main] INFO  com.demo.paywei.PayweiApplication - No active profile set, falling back to default profiles: default
09:20:48.760 paywei [main] INFO  o.s.b.w.e.tomcat.TomcatWebServer - Tomcat initialized with port(s): 8080 (http)
09:20:48.766 paywei [main] INFO  o.a.coyote.http11.Http11NioProtocol - Initializing ProtocolHandler ["http-nio-8080"]
09:20:48.767 paywei [main] INFO  o.a.catalina.core.StandardService - Starting service [Tomcat]
09:20:48.767 paywei [main] INFO  o.a.catalina.core.StandardEngine - Starting Servlet engine: [Apache Tomcat/9.0.29]
09:20:48.881 paywei [main] INFO  o.a.c.c.C.[Tomcat].[localhost].[/] - Initializing Spring embedded WebApplicationContext
09:20:48.881 paywei [main] INFO  o.s.web.context.ContextLoader - Root WebApplicationContext: initialization completed in 768 ms
09:20:49.177 paywei [main] INFO  o.s.s.c.ThreadPoolTaskExecutor - Initializing ExecutorService 'applicationTaskExecutor'
09:20:49.219 paywei [main] INFO  o.s.b.a.w.s.WelcomePageHandlerMapping - Adding welcome page template: index
09:20:49.350 paywei [main] INFO  o.a.coyote.http11.Http11NioProtocol - Starting ProtocolHandler ["http-nio-8080"]
09:20:49.368 paywei [main] INFO  o.s.b.w.e.tomcat.TomcatWebServer - Tomcat started on port(s): 8080 (http) with context path ''
09:20:49.370 paywei [main] INFO  com.demo.paywei.PayweiApplication - Started PayweiApplication in 1.492 seconds (JVM running for 2.984)
09:20:49.588 paywei [http-nio-8080-exec-1] INFO  o.a.tomcat.util.http.parser.Cookie - A cookie header was received [1600659944,1600736724; Hm_lpvt_b393d153aeb26b46e9431fabaf0f6190=1600736724] that contained an invalid cookie. That cookie will be ignored.
 Note: further occurrences of this error will be logged at DEBUG level.
09:20:49.592 paywei [http-nio-8080-exec-1] INFO  o.a.c.c.C.[Tomcat].[localhost].[/] - Initializing Spring DispatcherServlet 'dispatcherServlet'
09:20:49.592 paywei [http-nio-8080-exec-1] INFO  o.s.web.servlet.DispatcherServlet - Initializing Servlet 'dispatcherServlet'
09:20:49.596 paywei [http-nio-8080-exec-1] INFO  o.s.web.servlet.DispatcherServlet - Completed initialization in 4 ms
09:21:17.474 paywei [main] INFO  com.demo.paywei.PayweiApplication - Starting PayweiApplication on DESKTOP-4IL9A7A with PID 5408 (F:\paywei\target\classes started by Yang in F:\paywei)
09:21:17.476 paywei [main] INFO  com.demo.paywei.PayweiApplication - No active profile set, falling back to default profiles: default
09:21:18.213 paywei [main] INFO  o.s.b.w.e.tomcat.TomcatWebServer - Tomcat initialized with port(s): 8080 (http)
09:21:18.219 paywei [main] INFO  o.a.coyote.http11.Http11NioProtocol - Initializing ProtocolHandler ["http-nio-8080"]
09:21:18.219 paywei [main] INFO  o.a.catalina.core.StandardService - Starting service [Tomcat]
09:21:18.219 paywei [main] INFO  o.a.catalina.core.StandardEngine - Starting Servlet engine: [Apache Tomcat/9.0.29]
09:21:18.328 paywei [main] INFO  o.a.c.c.C.[Tomcat].[localhost].[/] - Initializing Spring embedded WebApplicationContext
09:21:18.328 paywei [main] INFO  o.s.web.context.ContextLoader - Root WebApplicationContext: initialization completed in 820 ms
09:21:18.676 paywei [main] INFO  o.s.s.c.ThreadPoolTaskExecutor - Initializing ExecutorService 'applicationTaskExecutor'
09:21:18.720 paywei [main] INFO  o.s.b.a.w.s.WelcomePageHandlerMapping - Adding welcome page template: index
09:21:18.850 paywei [main] INFO  o.a.coyote.http11.Http11NioProtocol - Starting ProtocolHandler ["http-nio-8080"]
09:21:18.867 paywei [main] INFO  o.s.b.w.e.tomcat.TomcatWebServer - Tomcat started on port(s): 8080 (http) with context path ''
09:21:18.869 paywei [main] INFO  com.demo.paywei.PayweiApplication - Started PayweiApplication in 1.588 seconds (JVM running for 3.087)
09:21:19.669 paywei [http-nio-8080-exec-1] INFO  o.a.tomcat.util.http.parser.Cookie - A cookie header was received [1600659944,1600736724; Hm_lpvt_b393d153aeb26b46e9431fabaf0f6190=1600736724] that contained an invalid cookie. That cookie will be ignored.
 Note: further occurrences of this error will be logged at DEBUG level.
09:21:19.673 paywei [http-nio-8080-exec-1] INFO  o.a.c.c.C.[Tomcat].[localhost].[/] - Initializing Spring DispatcherServlet 'dispatcherServlet'
09:21:19.673 paywei [http-nio-8080-exec-1] INFO  o.s.web.servlet.DispatcherServlet - Initializing Servlet 'dispatcherServlet'
09:21:19.677 paywei [http-nio-8080-exec-1] INFO  o.s.web.servlet.DispatcherServlet - Completed initialization in 4 ms
09:21:57.593 paywei [main] INFO  com.demo.paywei.PayweiApplication - Starting PayweiApplication on DESKTOP-4IL9A7A with PID 21212 (F:\paywei\target\classes started by Yang in F:\paywei)
09:21:57.595 paywei [main] INFO  com.demo.paywei.PayweiApplication - No active profile set, falling back to default profiles: default
09:21:58.361 paywei [main] INFO  o.s.b.w.e.tomcat.TomcatWebServer - Tomcat initialized with port(s): 8080 (http)
09:21:58.370 paywei [main] INFO  o.a.coyote.http11.Http11NioProtocol - Initializing ProtocolHandler ["http-nio-8080"]
09:21:58.370 paywei [main] INFO  o.a.catalina.core.StandardService - Starting service [Tomcat]
09:21:58.370 paywei [main] INFO  o.a.catalina.core.StandardEngine - Starting Servlet engine: [Apache Tomcat/9.0.29]
09:21:58.482 paywei [main] INFO  o.a.c.c.C.[Tomcat].[localhost].[/] - Initializing Spring embedded WebApplicationContext
09:21:58.482 paywei [main] INFO  o.s.web.context.ContextLoader - Root WebApplicationContext: initialization completed in 857 ms
09:21:58.790 paywei [main] INFO  o.s.s.c.ThreadPoolTaskExecutor - Initializing ExecutorService 'applicationTaskExecutor'
09:21:58.839 paywei [main] INFO  o.s.b.a.w.s.WelcomePageHandlerMapping - Adding welcome page template: index
09:21:58.980 paywei [main] INFO  o.a.coyote.http11.Http11NioProtocol - Starting ProtocolHandler ["http-nio-8080"]
09:21:58.998 paywei [main] INFO  o.s.b.w.e.tomcat.TomcatWebServer - Tomcat started on port(s): 8080 (http) with context path ''
09:21:59.001 paywei [main] INFO  com.demo.paywei.PayweiApplication - Started PayweiApplication in 1.611 seconds (JVM running for 3.037)
09:21:59.770 paywei [http-nio-8080-exec-1] INFO  o.a.tomcat.util.http.parser.Cookie - A cookie header was received [1600659944,1600736724; Hm_lpvt_b393d153aeb26b46e9431fabaf0f6190=1600736724] that contained an invalid cookie. That cookie will be ignored.
 Note: further occurrences of this error will be logged at DEBUG level.
09:21:59.774 paywei [http-nio-8080-exec-1] INFO  o.a.c.c.C.[Tomcat].[localhost].[/] - Initializing Spring DispatcherServlet 'dispatcherServlet'
09:21:59.774 paywei [http-nio-8080-exec-1] INFO  o.s.web.servlet.DispatcherServlet - Initializing Servlet 'dispatcherServlet'
09:21:59.778 paywei [http-nio-8080-exec-1] INFO  o.s.web.servlet.DispatcherServlet - Completed initialization in 4 ms
09:22:36.280 paywei [main] INFO  com.demo.paywei.PayweiApplication - Starting PayweiApplication on DESKTOP-4IL9A7A with PID 8460 (F:\paywei\target\classes started by Yang in F:\paywei)
09:22:36.282 paywei [main] INFO  com.demo.paywei.PayweiApplication - No active profile set, falling back to default profiles: default
09:22:36.984 paywei [main] INFO  o.s.b.w.e.tomcat.TomcatWebServer - Tomcat initialized with port(s): 8080 (http)
09:22:36.989 paywei [main] INFO  o.a.coyote.http11.Http11NioProtocol - Initializing ProtocolHandler ["http-nio-8080"]
09:22:36.990 paywei [main] INFO  o.a.catalina.core.StandardService - Starting service [Tomcat]
09:22:36.990 paywei [main] INFO  o.a.catalina.core.StandardEngine - Starting Servlet engine: [Apache Tomcat/9.0.29]
09:22:37.084 paywei [main] INFO  o.a.c.c.C.[Tomcat].[localhost].[/] - Initializing Spring embedded WebApplicationContext
09:22:37.085 paywei [main] INFO  o.s.web.context.ContextLoader - Root WebApplicationContext: initialization completed in 771 ms
09:22:37.399 paywei [main] INFO  o.s.s.c.ThreadPoolTaskExecutor - Initializing ExecutorService 'applicationTaskExecutor'
09:22:37.443 paywei [main] INFO  o.s.b.a.w.s.WelcomePageHandlerMapping - Adding welcome page template: index
09:22:37.536 paywei [main] INFO  o.a.coyote.http11.Http11NioProtocol - Starting ProtocolHandler ["http-nio-8080"]
09:22:37.592 paywei [main] INFO  o.s.b.w.e.tomcat.TomcatWebServer - Tomcat started on port(s): 8080 (http) with context path ''
09:22:37.594 paywei [main] INFO  com.demo.paywei.PayweiApplication - Started PayweiApplication in 1.508 seconds (JVM running for 2.909)
09:22:41.788 paywei [http-nio-8080-exec-1] INFO  o.a.tomcat.util.http.parser.Cookie - A cookie header was received [1600659944,1600736724; Hm_lpvt_b393d153aeb26b46e9431fabaf0f6190=1600736724] that contained an invalid cookie. That cookie will be ignored.
 Note: further occurrences of this error will be logged at DEBUG level.
09:22:41.792 paywei [http-nio-8080-exec-1] INFO  o.a.c.c.C.[Tomcat].[localhost].[/] - Initializing Spring DispatcherServlet 'dispatcherServlet'
09:22:41.792 paywei [http-nio-8080-exec-1] INFO  o.s.web.servlet.DispatcherServlet - Initializing Servlet 'dispatcherServlet'
09:22:41.796 paywei [http-nio-8080-exec-1] INFO  o.s.web.servlet.DispatcherServlet - Completed initialization in 4 ms
09:22:54.774 paywei [main] INFO  com.demo.paywei.PayweiApplication - Starting PayweiApplication on DESKTOP-4IL9A7A with PID 10228 (F:\paywei\target\classes started by Yang in F:\paywei)
09:22:54.775 paywei [main] INFO  com.demo.paywei.PayweiApplication - No active profile set, falling back to default profiles: default
09:22:55.551 paywei [main] INFO  o.s.b.w.e.tomcat.TomcatWebServer - Tomcat initialized with port(s): 8080 (http)
09:22:55.557 paywei [main] INFO  o.a.coyote.http11.Http11NioProtocol - Initializing ProtocolHandler ["http-nio-8080"]
09:22:55.558 paywei [main] INFO  o.a.catalina.core.StandardService - Starting service [Tomcat]
09:22:55.558 paywei [main] INFO  o.a.catalina.core.StandardEngine - Starting Servlet engine: [Apache Tomcat/9.0.29]
09:22:55.662 paywei [main] INFO  o.a.c.c.C.[Tomcat].[localhost].[/] - Initializing Spring embedded WebApplicationContext
09:22:55.662 paywei [main] INFO  o.s.web.context.ContextLoader - Root WebApplicationContext: initialization completed in 855 ms
09:22:55.958 paywei [main] INFO  o.s.s.c.ThreadPoolTaskExecutor - Initializing ExecutorService 'applicationTaskExecutor'
09:22:56.004 paywei [main] INFO  o.s.b.a.w.s.WelcomePageHandlerMapping - Adding welcome page template: index
09:22:56.138 paywei [main] INFO  o.a.coyote.http11.Http11NioProtocol - Starting ProtocolHandler ["http-nio-8080"]
09:22:56.156 paywei [main] INFO  o.s.b.w.e.tomcat.TomcatWebServer - Tomcat started on port(s): 8080 (http) with context path ''
09:22:56.158 paywei [main] INFO  com.demo.paywei.PayweiApplication - Started PayweiApplication in 1.629 seconds (JVM running for 2.899)
09:22:56.298 paywei [http-nio-8080-exec-1] INFO  o.a.tomcat.util.http.parser.Cookie - A cookie header was received [1600659944,1600736724; Hm_lpvt_b393d153aeb26b46e9431fabaf0f6190=1600736724] that contained an invalid cookie. That cookie will be ignored.
 Note: further occurrences of this error will be logged at DEBUG level.
09:22:56.302 paywei [http-nio-8080-exec-1] INFO  o.a.c.c.C.[Tomcat].[localhost].[/] - Initializing Spring DispatcherServlet 'dispatcherServlet'
09:22:56.302 paywei [http-nio-8080-exec-1] INFO  o.s.web.servlet.DispatcherServlet - Initializing Servlet 'dispatcherServlet'
09:22:56.306 paywei [http-nio-8080-exec-1] INFO  o.s.web.servlet.DispatcherServlet - Completed initialization in 4 ms
09:26:04.068 paywei [main] INFO  com.demo.paywei.PayweiApplication - Starting PayweiApplication on DESKTOP-4IL9A7A with PID 5392 (F:\paywei\target\classes started by Yang in F:\paywei)
09:26:04.070 paywei [main] INFO  com.demo.paywei.PayweiApplication - No active profile set, falling back to default profiles: default
09:26:04.781 paywei [main] INFO  o.s.b.w.e.tomcat.TomcatWebServer - Tomcat initialized with port(s): 8080 (http)
09:26:04.787 paywei [main] INFO  o.a.coyote.http11.Http11NioProtocol - Initializing ProtocolHandler ["http-nio-8080"]
09:26:04.787 paywei [main] INFO  o.a.catalina.core.StandardService - Starting service [Tomcat]
09:26:04.787 paywei [main] INFO  o.a.catalina.core.StandardEngine - Starting Servlet engine: [Apache Tomcat/9.0.29]
09:26:04.898 paywei [main] INFO  o.a.c.c.C.[Tomcat].[localhost].[/] - Initializing Spring embedded WebApplicationContext
09:26:04.898 paywei [main] INFO  o.s.web.context.ContextLoader - Root WebApplicationContext: initialization completed in 796 ms
09:26:05.193 paywei [main] INFO  o.s.s.c.ThreadPoolTaskExecutor - Initializing ExecutorService 'applicationTaskExecutor'
09:26:05.241 paywei [main] INFO  o.s.b.a.w.s.WelcomePageHandlerMapping - Adding welcome page template: index
09:26:05.376 paywei [main] INFO  o.a.coyote.http11.Http11NioProtocol - Starting ProtocolHandler ["http-nio-8080"]
09:26:05.395 paywei [main] INFO  o.s.b.w.e.tomcat.TomcatWebServer - Tomcat started on port(s): 8080 (http) with context path ''
09:26:05.397 paywei [main] INFO  com.demo.paywei.PayweiApplication - Started PayweiApplication in 1.524 seconds (JVM running for 3.137)
09:26:05.426 paywei [http-nio-8080-exec-1] INFO  o.a.tomcat.util.http.parser.Cookie - A cookie header was received [1600659944,1600736724; Hm_lpvt_b393d153aeb26b46e9431fabaf0f6190=1600736724] that contained an invalid cookie. That cookie will be ignored.
 Note: further occurrences of this error will be logged at DEBUG level.
09:26:05.431 paywei [http-nio-8080-exec-1] INFO  o.a.c.c.C.[Tomcat].[localhost].[/] - Initializing Spring DispatcherServlet 'dispatcherServlet'
09:26:05.431 paywei [http-nio-8080-exec-1] INFO  o.s.web.servlet.DispatcherServlet - Initializing Servlet 'dispatcherServlet'
09:26:05.434 paywei [http-nio-8080-exec-1] INFO  o.s.web.servlet.DispatcherServlet - Completed initialization in 3 ms
09:28:29.923 paywei [main] INFO  com.demo.paywei.PayweiApplication - Starting PayweiApplication on DESKTOP-4IL9A7A with PID 20752 (F:\paywei\target\classes started by Yang in F:\paywei)
09:28:29.924 paywei [main] INFO  com.demo.paywei.PayweiApplication - No active profile set, falling back to default profiles: default
09:28:30.624 paywei [main] INFO  o.s.b.w.e.tomcat.TomcatWebServer - Tomcat initialized with port(s): 8080 (http)
09:28:30.629 paywei [main] INFO  o.a.coyote.http11.Http11NioProtocol - Initializing ProtocolHandler ["http-nio-8080"]
09:28:30.630 paywei [main] INFO  o.a.catalina.core.StandardService - Starting service [Tomcat]
09:28:30.630 paywei [main] INFO  o.a.catalina.core.StandardEngine - Starting Servlet engine: [Apache Tomcat/9.0.29]
09:28:30.738 paywei [main] INFO  o.a.c.c.C.[Tomcat].[localhost].[/] - Initializing Spring embedded WebApplicationContext
09:28:30.738 paywei [main] INFO  o.s.web.context.ContextLoader - Root WebApplicationContext: initialization completed in 781 ms
09:28:31.024 paywei [main] INFO  o.s.s.c.ThreadPoolTaskExecutor - Initializing ExecutorService 'applicationTaskExecutor'
09:28:31.068 paywei [main] INFO  o.s.b.a.w.s.WelcomePageHandlerMapping - Adding welcome page template: index
09:28:31.192 paywei [main] INFO  o.a.coyote.http11.Http11NioProtocol - Starting ProtocolHandler ["http-nio-8080"]
09:28:31.209 paywei [main] INFO  o.s.b.w.e.tomcat.TomcatWebServer - Tomcat started on port(s): 8080 (http) with context path ''
09:28:31.211 paywei [main] INFO  com.demo.paywei.PayweiApplication - Started PayweiApplication in 1.489 seconds (JVM running for 2.968)
09:28:32.411 paywei [http-nio-8080-exec-1] INFO  o.a.tomcat.util.http.parser.Cookie - A cookie header was received [1600659944,1600736724; Hm_lpvt_b393d153aeb26b46e9431fabaf0f6190=1600736724] that contained an invalid cookie. That cookie will be ignored.
 Note: further occurrences of this error will be logged at DEBUG level.
09:28:32.416 paywei [http-nio-8080-exec-1] INFO  o.a.c.c.C.[Tomcat].[localhost].[/] - Initializing Spring DispatcherServlet 'dispatcherServlet'
09:28:32.416 paywei [http-nio-8080-exec-1] INFO  o.s.web.servlet.DispatcherServlet - Initializing Servlet 'dispatcherServlet'
09:28:32.420 paywei [http-nio-8080-exec-1] INFO  o.s.web.servlet.DispatcherServlet - Completed initialization in 3 ms
09:28:32.659 paywei [http-nio-8080-exec-4] INFO  com.zaxxer.hikari.HikariDataSource - HikariPool-1 - Starting...
09:28:32.933 paywei [http-nio-8080-exec-4] INFO  com.zaxxer.hikari.HikariDataSource - HikariPool-1 - Start completed.
09:29:09.401 paywei [main] INFO  com.demo.paywei.PayweiApplication - Starting PayweiApplication on DESKTOP-4IL9A7A with PID 9020 (F:\paywei\target\classes started by Yang in F:\paywei)
09:29:09.403 paywei [main] INFO  com.demo.paywei.PayweiApplication - No active profile set, falling back to default profiles: default
09:29:10.162 paywei [main] INFO  o.s.b.w.e.tomcat.TomcatWebServer - Tomcat initialized with port(s): 8080 (http)
09:29:10.169 paywei [main] INFO  o.a.coyote.http11.Http11NioProtocol - Initializing ProtocolHandler ["http-nio-8080"]
09:29:10.170 paywei [main] INFO  o.a.catalina.core.StandardService - Starting service [Tomcat]
09:29:10.170 paywei [main] INFO  o.a.catalina.core.StandardEngine - Starting Servlet engine: [Apache Tomcat/9.0.29]
09:29:10.288 paywei [main] INFO  o.a.c.c.C.[Tomcat].[localhost].[/] - Initializing Spring embedded WebApplicationContext
09:29:10.288 paywei [main] INFO  o.s.web.context.ContextLoader - Root WebApplicationContext: initialization completed in 854 ms
09:29:10.599 paywei [main] INFO  o.s.s.c.ThreadPoolTaskExecutor - Initializing ExecutorService 'applicationTaskExecutor'
09:29:10.694 paywei [main] INFO  o.s.b.a.w.s.WelcomePageHandlerMapping - Adding welcome page template: index
09:29:10.823 paywei [main] INFO  o.a.coyote.http11.Http11NioProtocol - Starting ProtocolHandler ["http-nio-8080"]
09:29:10.840 paywei [main] INFO  o.s.b.w.e.tomcat.TomcatWebServer - Tomcat started on port(s): 8080 (http) with context path ''
09:29:10.842 paywei [main] INFO  com.demo.paywei.PayweiApplication - Started PayweiApplication in 1.638 seconds (JVM running for 2.737)
09:29:12.082 paywei [http-nio-8080-exec-1] INFO  o.a.tomcat.util.http.parser.Cookie - A cookie header was received [1600659944,1600736724; Hm_lpvt_b393d153aeb26b46e9431fabaf0f6190=1600736724; JSESSIONID=CCE9CD4ABD9EAF8671341F6042658628] that contained an invalid cookie. That cookie will be ignored.
 Note: further occurrences of this error will be logged at DEBUG level.
09:29:12.087 paywei [http-nio-8080-exec-1] INFO  o.a.c.c.C.[Tomcat].[localhost].[/] - Initializing Spring DispatcherServlet 'dispatcherServlet'
09:29:12.087 paywei [http-nio-8080-exec-1] INFO  o.s.web.servlet.DispatcherServlet - Initializing Servlet 'dispatcherServlet'
09:29:12.093 paywei [http-nio-8080-exec-1] INFO  o.s.web.servlet.DispatcherServlet - Completed initialization in 5 ms
09:29:12.344 paywei [http-nio-8080-exec-7] INFO  com.zaxxer.hikari.HikariDataSource - HikariPool-1 - Starting...
09:29:12.559 paywei [http-nio-8080-exec-7] INFO  com.zaxxer.hikari.HikariDataSource - HikariPool-1 - Start completed.
09:29:42.870 paywei [main] INFO  com.demo.paywei.PayweiApplication - Starting PayweiApplication on DESKTOP-4IL9A7A with PID 17780 (F:\paywei\target\classes started by Yang in F:\paywei)
09:29:42.872 paywei [main] INFO  com.demo.paywei.PayweiApplication - No active profile set, falling back to default profiles: default
09:29:43.623 paywei [main] INFO  o.s.b.w.e.tomcat.TomcatWebServer - Tomcat initialized with port(s): 8080 (http)
09:29:43.627 paywei [main] INFO  o.a.coyote.http11.Http11NioProtocol - Initializing ProtocolHandler ["http-nio-8080"]
09:29:43.628 paywei [main] INFO  o.a.catalina.core.StandardService - Starting service [Tomcat]
09:29:43.628 paywei [main] INFO  o.a.catalina.core.StandardEngine - Starting Servlet engine: [Apache Tomcat/9.0.29]
09:29:43.727 paywei [main] INFO  o.a.c.c.C.[Tomcat].[localhost].[/] - Initializing Spring embedded WebApplicationContext
09:29:43.727 paywei [main] INFO  o.s.web.context.ContextLoader - Root WebApplicationContext: initialization completed in 818 ms
09:29:44.029 paywei [main] INFO  o.s.s.c.ThreadPoolTaskExecutor - Initializing ExecutorService 'applicationTaskExecutor'
09:29:44.071 paywei [main] INFO  o.s.b.a.w.s.WelcomePageHandlerMapping - Adding welcome page template: index
09:29:44.194 paywei [main] INFO  o.a.coyote.http11.Http11NioProtocol - Starting ProtocolHandler ["http-nio-8080"]
09:29:44.211 paywei [main] INFO  o.s.b.w.e.tomcat.TomcatWebServer - Tomcat started on port(s): 8080 (http) with context path ''
09:29:44.213 paywei [main] INFO  com.demo.paywei.PayweiApplication - Started PayweiApplication in 1.665 seconds (JVM running for 2.815)
09:29:44.860 paywei [http-nio-8080-exec-1] INFO  o.a.tomcat.util.http.parser.Cookie - A cookie header was received [1600659944,1600736724; Hm_lpvt_b393d153aeb26b46e9431fabaf0f6190=1600736724; JSESSIONID=3AC08A181C761B9C486F4B702366503A] that contained an invalid cookie. That cookie will be ignored.
 Note: further occurrences of this error will be logged at DEBUG level.
09:29:44.864 paywei [http-nio-8080-exec-1] INFO  o.a.c.c.C.[Tomcat].[localhost].[/] - Initializing Spring DispatcherServlet 'dispatcherServlet'
09:29:44.864 paywei [http-nio-8080-exec-1] INFO  o.s.web.servlet.DispatcherServlet - Initializing Servlet 'dispatcherServlet'
09:29:44.869 paywei [http-nio-8080-exec-1] INFO  o.s.web.servlet.DispatcherServlet - Completed initialization in 5 ms
09:29:45.092 paywei [http-nio-8080-exec-3] INFO  com.zaxxer.hikari.HikariDataSource - HikariPool-1 - Starting...
09:29:45.338 paywei [http-nio-8080-exec-3] INFO  com.zaxxer.hikari.HikariDataSource - HikariPool-1 - Start completed.
09:30:37.975 paywei [main] INFO  com.demo.paywei.PayweiApplication - Starting PayweiApplication on DESKTOP-4IL9A7A with PID 10004 (F:\paywei\target\classes started by Yang in F:\paywei)
09:30:37.977 paywei [main] INFO  com.demo.paywei.PayweiApplication - No active profile set, falling back to default profiles: default
09:30:38.695 paywei [main] INFO  o.s.b.w.e.tomcat.TomcatWebServer - Tomcat initialized with port(s): 8080 (http)
09:30:38.701 paywei [main] INFO  o.a.coyote.http11.Http11NioProtocol - Initializing ProtocolHandler ["http-nio-8080"]
09:30:38.701 paywei [main] INFO  o.a.catalina.core.StandardService - Starting service [Tomcat]
09:30:38.701 paywei [main] INFO  o.a.catalina.core.StandardEngine - Starting Servlet engine: [Apache Tomcat/9.0.29]
09:30:38.805 paywei [main] INFO  o.a.c.c.C.[Tomcat].[localhost].[/] - Initializing Spring embedded WebApplicationContext
09:30:38.806 paywei [main] INFO  o.s.web.context.ContextLoader - Root WebApplicationContext: initialization completed in 795 ms
09:30:39.105 paywei [main] INFO  o.s.s.c.ThreadPoolTaskExecutor - Initializing ExecutorService 'applicationTaskExecutor'
09:30:39.150 paywei [main] INFO  o.s.b.a.w.s.WelcomePageHandlerMapping - Adding welcome page template: index
09:30:39.280 paywei [main] INFO  o.a.coyote.http11.Http11NioProtocol - Starting ProtocolHandler ["http-nio-8080"]
09:30:39.297 paywei [main] INFO  o.s.b.w.e.tomcat.TomcatWebServer - Tomcat started on port(s): 8080 (http) with context path ''
09:30:39.299 paywei [main] INFO  com.demo.paywei.PayweiApplication - Started PayweiApplication in 1.554 seconds (JVM running for 3.1)
09:30:39.386 paywei [http-nio-8080-exec-1] INFO  o.a.tomcat.util.http.parser.Cookie - A cookie header was received [1600659944,1600736724; Hm_lpvt_b393d153aeb26b46e9431fabaf0f6190=1600736724; JSESSIONID=5D580C4E9BE4C0DA997FD1CE9205EEF0] that contained an invalid cookie. That cookie will be ignored.
 Note: further occurrences of this error will be logged at DEBUG level.
09:30:39.391 paywei [http-nio-8080-exec-1] INFO  o.a.c.c.C.[Tomcat].[localhost].[/] - Initializing Spring DispatcherServlet 'dispatcherServlet'
09:30:39.391 paywei [http-nio-8080-exec-1] INFO  o.s.web.servlet.DispatcherServlet - Initializing Servlet 'dispatcherServlet'
09:30:39.395 paywei [http-nio-8080-exec-1] INFO  o.s.web.servlet.DispatcherServlet - Completed initialization in 3 ms
09:30:39.645 paywei [http-nio-8080-exec-5] INFO  com.zaxxer.hikari.HikariDataSource - HikariPool-1 - Starting...
09:30:39.888 paywei [http-nio-8080-exec-5] INFO  com.zaxxer.hikari.HikariDataSource - HikariPool-1 - Start completed.
09:33:25.549 paywei [main] INFO  com.demo.paywei.PayweiApplication - Starting PayweiApplication on DESKTOP-4IL9A7A with PID 15564 (F:\paywei\target\classes started by Yang in F:\paywei)
09:33:25.551 paywei [main] INFO  com.demo.paywei.PayweiApplication - No active profile set, falling back to default profiles: default
09:33:26.265 paywei [main] INFO  o.s.b.w.e.tomcat.TomcatWebServer - Tomcat initialized with port(s): 8080 (http)
09:33:26.271 paywei [main] INFO  o.a.coyote.http11.Http11NioProtocol - Initializing ProtocolHandler ["http-nio-8080"]
09:33:26.271 paywei [main] INFO  o.a.catalina.core.StandardService - Starting service [Tomcat]
09:33:26.271 paywei [main] INFO  o.a.catalina.core.StandardEngine - Starting Servlet engine: [Apache Tomcat/9.0.29]
09:33:26.380 paywei [main] INFO  o.a.c.c.C.[Tomcat].[localhost].[/] - Initializing Spring embedded WebApplicationContext
09:33:26.381 paywei [main] INFO  o.s.web.context.ContextLoader - Root WebApplicationContext: initialization completed in 795 ms
09:33:26.715 paywei [main] INFO  o.s.s.c.ThreadPoolTaskExecutor - Initializing ExecutorService 'applicationTaskExecutor'
09:33:26.757 paywei [main] INFO  o.s.b.a.w.s.WelcomePageHandlerMapping - Adding welcome page template: index
09:33:26.882 paywei [main] INFO  o.a.coyote.http11.Http11NioProtocol - Starting ProtocolHandler ["http-nio-8080"]
09:33:26.900 paywei [main] INFO  o.s.b.w.e.tomcat.TomcatWebServer - Tomcat started on port(s): 8080 (http) with context path ''
09:33:26.902 paywei [main] INFO  com.demo.paywei.PayweiApplication - Started PayweiApplication in 1.599 seconds (JVM running for 2.978)
09:33:26.943 paywei [http-nio-8080-exec-1] INFO  o.a.tomcat.util.http.parser.Cookie - A cookie header was received [1600659944,1600736724; Hm_lpvt_b393d153aeb26b46e9431fabaf0f6190=1600736724; JSESSIONID=C1CA73763A6CF6CBB06F8B275681EBCE] that contained an invalid cookie. That cookie will be ignored.
 Note: further occurrences of this error will be logged at DEBUG level.
09:33:26.947 paywei [http-nio-8080-exec-1] INFO  o.a.c.c.C.[Tomcat].[localhost].[/] - Initializing Spring DispatcherServlet 'dispatcherServlet'
09:33:26.947 paywei [http-nio-8080-exec-1] INFO  o.s.web.servlet.DispatcherServlet - Initializing Servlet 'dispatcherServlet'
09:33:26.951 paywei [http-nio-8080-exec-1] INFO  o.s.web.servlet.DispatcherServlet - Completed initialization in 4 ms
09:33:27.219 paywei [http-nio-8080-exec-9] INFO  com.zaxxer.hikari.HikariDataSource - HikariPool-1 - Starting...
09:33:27.472 paywei [http-nio-8080-exec-9] INFO  com.zaxxer.hikari.HikariDataSource - HikariPool-1 - Start completed.
09:34:10.627 paywei [main] INFO  com.demo.paywei.PayweiApplication - Starting PayweiApplication on DESKTOP-4IL9A7A with PID 21656 (F:\paywei\target\classes started by Yang in F:\paywei)
09:34:10.629 paywei [main] INFO  com.demo.paywei.PayweiApplication - No active profile set, falling back to default profiles: default
09:34:11.315 paywei [main] INFO  o.s.b.w.e.tomcat.TomcatWebServer - Tomcat initialized with port(s): 8080 (http)
09:34:11.321 paywei [main] INFO  o.a.coyote.http11.Http11NioProtocol - Initializing ProtocolHandler ["http-nio-8080"]
09:34:11.321 paywei [main] INFO  o.a.catalina.core.StandardService - Starting service [Tomcat]
09:34:11.321 paywei [main] INFO  o.a.catalina.core.StandardEngine - Starting Servlet engine: [Apache Tomcat/9.0.29]
09:34:11.422 paywei [main] INFO  o.a.c.c.C.[Tomcat].[localhost].[/] - Initializing Spring embedded WebApplicationContext
09:34:11.422 paywei [main] INFO  o.s.web.context.ContextLoader - Root WebApplicationContext: initialization completed in 762 ms
09:34:11.759 paywei [main] INFO  o.s.s.c.ThreadPoolTaskExecutor - Initializing ExecutorService 'applicationTaskExecutor'
09:34:11.803 paywei [main] INFO  o.s.b.a.w.s.WelcomePageHandlerMapping - Adding welcome page template: index
09:34:11.930 paywei [main] INFO  o.a.coyote.http11.Http11NioProtocol - Starting ProtocolHandler ["http-nio-8080"]
09:34:11.947 paywei [main] INFO  o.s.b.w.e.tomcat.TomcatWebServer - Tomcat started on port(s): 8080 (http) with context path ''
09:34:11.949 paywei [main] INFO  com.demo.paywei.PayweiApplication - Started PayweiApplication in 1.517 seconds (JVM running for 3.004)
09:34:12.194 paywei [http-nio-8080-exec-1] INFO  o.a.tomcat.util.http.parser.Cookie - A cookie header was received [1600659944,1600736724; Hm_lpvt_b393d153aeb26b46e9431fabaf0f6190=1600736724; JSESSIONID=48DCACC6C37BDF834287E010F370734C] that contained an invalid cookie. That cookie will be ignored.
 Note: further occurrences of this error will be logged at DEBUG level.
09:34:12.198 paywei [http-nio-8080-exec-1] INFO  o.a.c.c.C.[Tomcat].[localhost].[/] - Initializing Spring DispatcherServlet 'dispatcherServlet'
09:34:12.198 paywei [http-nio-8080-exec-1] INFO  o.s.web.servlet.DispatcherServlet - Initializing Servlet 'dispatcherServlet'
09:34:12.202 paywei [http-nio-8080-exec-1] INFO  o.s.web.servlet.DispatcherServlet - Completed initialization in 4 ms
09:34:12.445 paywei [http-nio-8080-exec-2] INFO  com.zaxxer.hikari.HikariDataSource - HikariPool-1 - Starting...
09:34:12.685 paywei [http-nio-8080-exec-2] INFO  com.zaxxer.hikari.HikariDataSource - HikariPool-1 - Start completed.
09:35:02.477 paywei [main] INFO  com.demo.paywei.PayweiApplication - Starting PayweiApplication on DESKTOP-4IL9A7A with PID 19392 (F:\paywei\target\classes started by Yang in F:\paywei)
09:35:02.479 paywei [main] INFO  com.demo.paywei.PayweiApplication - No active profile set, falling back to default profiles: default
09:35:03.404 paywei [main] INFO  o.s.b.w.e.tomcat.TomcatWebServer - Tomcat initialized with port(s): 8080 (http)
09:35:03.410 paywei [main] INFO  o.a.coyote.http11.Http11NioProtocol - Initializing ProtocolHandler ["http-nio-8080"]
09:35:03.411 paywei [main] INFO  o.a.catalina.core.StandardService - Starting service [Tomcat]
09:35:03.411 paywei [main] INFO  o.a.catalina.core.StandardEngine - Starting Servlet engine: [Apache Tomcat/9.0.29]
09:35:03.528 paywei [main] INFO  o.a.c.c.C.[Tomcat].[localhost].[/] - Initializing Spring embedded WebApplicationContext
09:35:03.529 paywei [main] INFO  o.s.web.context.ContextLoader - Root WebApplicationContext: initialization completed in 1016 ms
09:35:03.846 paywei [main] INFO  o.s.s.c.ThreadPoolTaskExecutor - Initializing ExecutorService 'applicationTaskExecutor'
09:35:03.887 paywei [main] INFO  o.s.b.a.w.s.WelcomePageHandlerMapping - Adding welcome page template: index
09:35:04.013 paywei [main] INFO  o.a.coyote.http11.Http11NioProtocol - Starting ProtocolHandler ["http-nio-8080"]
09:35:04.030 paywei [main] INFO  o.s.b.w.e.tomcat.TomcatWebServer - Tomcat started on port(s): 8080 (http) with context path ''
09:35:04.032 paywei [main] INFO  com.demo.paywei.PayweiApplication - Started PayweiApplication in 1.761 seconds (JVM running for 3.224)
09:35:05.670 paywei [http-nio-8080-exec-1] INFO  o.a.tomcat.util.http.parser.Cookie - A cookie header was received [1600659944,1600736724; Hm_lpvt_b393d153aeb26b46e9431fabaf0f6190=1600736724; JSESSIONID=EB9C31315AE6E28E16C6AB2B48E3EE09] that contained an invalid cookie. That cookie will be ignored.
 Note: further occurrences of this error will be logged at DEBUG level.
09:35:05.675 paywei [http-nio-8080-exec-1] INFO  o.a.c.c.C.[Tomcat].[localhost].[/] - Initializing Spring DispatcherServlet 'dispatcherServlet'
09:35:05.675 paywei [http-nio-8080-exec-1] INFO  o.s.web.servlet.DispatcherServlet - Initializing Servlet 'dispatcherServlet'
09:35:05.678 paywei [http-nio-8080-exec-1] INFO  o.s.web.servlet.DispatcherServlet - Completed initialization in 3 ms
09:35:05.920 paywei [http-nio-8080-exec-3] INFO  com.zaxxer.hikari.HikariDataSource - HikariPool-1 - Starting...
09:35:06.158 paywei [http-nio-8080-exec-3] INFO  com.zaxxer.hikari.HikariDataSource - HikariPool-1 - Start completed.
09:37:11.239 paywei [main] INFO  com.demo.paywei.PayweiApplication - Starting PayweiApplication on DESKTOP-4IL9A7A with PID 21272 (F:\paywei\target\classes started by Yang in F:\paywei)
09:37:11.241 paywei [main] INFO  com.demo.paywei.PayweiApplication - No active profile set, falling back to default profiles: default
09:37:11.978 paywei [main] INFO  o.s.b.w.e.tomcat.TomcatWebServer - Tomcat initialized with port(s): 8080 (http)
09:37:11.984 paywei [main] INFO  o.a.coyote.http11.Http11NioProtocol - Initializing ProtocolHandler ["http-nio-8080"]
09:37:11.984 paywei [main] INFO  o.a.catalina.core.StandardService - Starting service [Tomcat]
09:37:11.984 paywei [main] INFO  o.a.catalina.core.StandardEngine - Starting Servlet engine: [Apache Tomcat/9.0.29]
09:37:12.095 paywei [main] INFO  o.a.c.c.C.[Tomcat].[localhost].[/] - Initializing Spring embedded WebApplicationContext
09:37:12.095 paywei [main] INFO  o.s.web.context.ContextLoader - Root WebApplicationContext: initialization completed in 821 ms
09:37:12.380 paywei [main] INFO  o.s.s.c.ThreadPoolTaskExecutor - Initializing ExecutorService 'applicationTaskExecutor'
09:37:12.424 paywei [main] INFO  o.s.b.a.w.s.WelcomePageHandlerMapping - Adding welcome page template: index
09:37:12.549 paywei [main] INFO  o.a.coyote.http11.Http11NioProtocol - Starting ProtocolHandler ["http-nio-8080"]
09:37:12.566 paywei [main] INFO  o.s.b.w.e.tomcat.TomcatWebServer - Tomcat started on port(s): 8080 (http) with context path ''
09:37:12.568 paywei [main] INFO  com.demo.paywei.PayweiApplication - Started PayweiApplication in 1.533 seconds (JVM running for 3.233)
09:37:14.490 paywei [http-nio-8080-exec-1] INFO  o.a.tomcat.util.http.parser.Cookie - A cookie header was received [1600659944,1600736724; Hm_lpvt_b393d153aeb26b46e9431fabaf0f6190=1600736724; JSESSIONID=4E7548CA3767C1D59E5E8935F4962757] that contained an invalid cookie. That cookie will be ignored.
 Note: further occurrences of this error will be logged at DEBUG level.
09:37:14.494 paywei [http-nio-8080-exec-1] INFO  o.a.c.c.C.[Tomcat].[localhost].[/] - Initializing Spring DispatcherServlet 'dispatcherServlet'
09:37:14.494 paywei [http-nio-8080-exec-1] INFO  o.s.web.servlet.DispatcherServlet - Initializing Servlet 'dispatcherServlet'
09:37:14.499 paywei [http-nio-8080-exec-1] INFO  o.s.web.servlet.DispatcherServlet - Completed initialization in 5 ms
09:37:14.730 paywei [http-nio-8080-exec-6] INFO  com.zaxxer.hikari.HikariDataSource - HikariPool-1 - Starting...
09:37:14.969 paywei [http-nio-8080-exec-6] INFO  com.zaxxer.hikari.HikariDataSource - HikariPool-1 - Start completed.
09:38:22.710 paywei [main] INFO  com.demo.paywei.PayweiApplication - Starting PayweiApplication on DESKTOP-4IL9A7A with PID 21024 (F:\paywei\target\classes started by Yang in F:\paywei)
09:38:22.712 paywei [main] INFO  com.demo.paywei.PayweiApplication - No active profile set, falling back to default profiles: default
09:38:23.545 paywei [main] INFO  o.s.b.w.e.tomcat.TomcatWebServer - Tomcat initialized with port(s): 8080 (http)
09:38:23.552 paywei [main] INFO  o.a.coyote.http11.Http11NioProtocol - Initializing ProtocolHandler ["http-nio-8080"]
09:38:23.553 paywei [main] INFO  o.a.catalina.core.StandardService - Starting service [Tomcat]
09:38:23.553 paywei [main] INFO  o.a.catalina.core.StandardEngine - Starting Servlet engine: [Apache Tomcat/9.0.29]
09:38:23.670 paywei [main] INFO  o.a.c.c.C.[Tomcat].[localhost].[/] - Initializing Spring embedded WebApplicationContext
09:38:23.670 paywei [main] INFO  o.s.web.context.ContextLoader - Root WebApplicationContext: initialization completed in 920 ms
09:38:23.991 paywei [main] INFO  o.s.s.c.ThreadPoolTaskExecutor - Initializing ExecutorService 'applicationTaskExecutor'
09:38:24.034 paywei [main] INFO  o.s.b.a.w.s.WelcomePageHandlerMapping - Adding welcome page template: index
09:38:24.162 paywei [main] INFO  o.a.coyote.http11.Http11NioProtocol - Starting ProtocolHandler ["http-nio-8080"]
09:38:24.179 paywei [main] INFO  o.s.b.w.e.tomcat.TomcatWebServer - Tomcat started on port(s): 8080 (http) with context path ''
09:38:24.181 paywei [main] INFO  com.demo.paywei.PayweiApplication - Started PayweiApplication in 1.718 seconds (JVM running for 3.101)
09:38:24.211 paywei [http-nio-8080-exec-1] INFO  o.a.tomcat.util.http.parser.Cookie - A cookie header was received [1600659944,1600736724; Hm_lpvt_b393d153aeb26b46e9431fabaf0f6190=1600736724; JSESSIONID=2FB9A298551EC1AD8B53639FB0ED554F] that contained an invalid cookie. That cookie will be ignored.
 Note: further occurrences of this error will be logged at DEBUG level.
09:38:24.214 paywei [http-nio-8080-exec-1] INFO  o.a.c.c.C.[Tomcat].[localhost].[/] - Initializing Spring DispatcherServlet 'dispatcherServlet'
09:38:24.215 paywei [http-nio-8080-exec-1] INFO  o.s.web.servlet.DispatcherServlet - Initializing Servlet 'dispatcherServlet'
09:38:24.218 paywei [http-nio-8080-exec-1] INFO  o.s.web.servlet.DispatcherServlet - Completed initialization in 3 ms
09:38:24.439 paywei [http-nio-8080-exec-3] INFO  com.zaxxer.hikari.HikariDataSource - HikariPool-1 - Starting...
09:38:24.676 paywei [http-nio-8080-exec-3] INFO  com.zaxxer.hikari.HikariDataSource - HikariPool-1 - Start completed.
09:39:35.762 paywei [main] INFO  com.demo.paywei.PayweiApplication - Starting PayweiApplication on DESKTOP-4IL9A7A with PID 6788 (F:\paywei\target\classes started by Yang in F:\paywei)
09:39:35.764 paywei [main] INFO  com.demo.paywei.PayweiApplication - No active profile set, falling back to default profiles: default
09:39:36.444 paywei [main] INFO  o.s.b.w.e.tomcat.TomcatWebServer - Tomcat initialized with port(s): 8080 (http)
09:39:36.450 paywei [main] INFO  o.a.coyote.http11.Http11NioProtocol - Initializing ProtocolHandler ["http-nio-8080"]
09:39:36.450 paywei [main] INFO  o.a.catalina.core.StandardService - Starting service [Tomcat]
09:39:36.450 paywei [main] INFO  o.a.catalina.core.StandardEngine - Starting Servlet engine: [Apache Tomcat/9.0.29]
09:39:36.561 paywei [main] INFO  o.a.c.c.C.[Tomcat].[localhost].[/] - Initializing Spring embedded WebApplicationContext
09:39:36.561 paywei [main] INFO  o.s.web.context.ContextLoader - Root WebApplicationContext: initialization completed in 766 ms
09:39:36.884 paywei [main] INFO  o.s.s.c.ThreadPoolTaskExecutor - Initializing ExecutorService 'applicationTaskExecutor'
09:39:36.927 paywei [main] INFO  o.s.b.a.w.s.WelcomePageHandlerMapping - Adding welcome page template: index
09:39:37.051 paywei [main] INFO  o.a.coyote.http11.Http11NioProtocol - Starting ProtocolHandler ["http-nio-8080"]
09:39:37.068 paywei [main] INFO  o.s.b.w.e.tomcat.TomcatWebServer - Tomcat started on port(s): 8080 (http) with context path ''
09:39:37.070 paywei [main] INFO  com.demo.paywei.PayweiApplication - Started PayweiApplication in 1.5 seconds (JVM running for 3.185)
09:39:39.006 paywei [http-nio-8080-exec-1] INFO  o.a.c.c.C.[Tomcat].[localhost].[/] - Initializing Spring DispatcherServlet 'dispatcherServlet'
09:39:39.006 paywei [http-nio-8080-exec-1] INFO  o.s.web.servlet.DispatcherServlet - Initializing Servlet 'dispatcherServlet'
09:39:39.009 paywei [http-nio-8080-exec-1] INFO  o.s.web.servlet.DispatcherServlet - Completed initialization in 3 ms
09:39:39.266 paywei [http-nio-8080-exec-5] INFO  com.zaxxer.hikari.HikariDataSource - HikariPool-1 - Starting...
09:39:39.508 paywei [http-nio-8080-exec-5] INFO  com.zaxxer.hikari.HikariDataSource - HikariPool-1 - Start completed.
09:40:59.401 paywei [main] INFO  com.demo.paywei.PayweiApplication - Starting PayweiApplication on DESKTOP-4IL9A7A with PID 14212 (F:\paywei\target\classes started by Yang in F:\paywei)
09:40:59.403 paywei [main] INFO  com.demo.paywei.PayweiApplication - No active profile set, falling back to default profiles: default
09:41:00.119 paywei [main] INFO  o.s.b.w.e.tomcat.TomcatWebServer - Tomcat initialized with port(s): 8080 (http)
09:41:00.125 paywei [main] INFO  o.a.coyote.http11.Http11NioProtocol - Initializing ProtocolHandler ["http-nio-8080"]
09:41:00.125 paywei [main] INFO  o.a.catalina.core.StandardService - Starting service [Tomcat]
09:41:00.126 paywei [main] INFO  o.a.catalina.core.StandardEngine - Starting Servlet engine: [Apache Tomcat/9.0.29]
09:41:00.225 paywei [main] INFO  o.a.c.c.C.[Tomcat].[localhost].[/] - Initializing Spring embedded WebApplicationContext
09:41:00.225 paywei [main] INFO  o.s.web.context.ContextLoader - Root WebApplicationContext: initialization completed in 788 ms
09:41:00.512 paywei [main] INFO  o.s.s.c.ThreadPoolTaskExecutor - Initializing ExecutorService 'applicationTaskExecutor'
09:41:00.555 paywei [main] INFO  o.s.b.a.w.s.WelcomePageHandlerMapping - Adding welcome page template: index
09:41:00.682 paywei [main] INFO  o.a.coyote.http11.Http11NioProtocol - Starting ProtocolHandler ["http-nio-8080"]
09:41:00.698 paywei [main] INFO  o.s.b.w.e.tomcat.TomcatWebServer - Tomcat started on port(s): 8080 (http) with context path ''
09:41:00.700 paywei [main] INFO  com.demo.paywei.PayweiApplication - Started PayweiApplication in 1.544 seconds (JVM running for 2.837)
09:41:04.445 paywei [http-nio-8080-exec-1] INFO  o.a.c.c.C.[Tomcat].[localhost].[/] - Initializing Spring DispatcherServlet 'dispatcherServlet'
09:41:04.445 paywei [http-nio-8080-exec-1] INFO  o.s.web.servlet.DispatcherServlet - Initializing Servlet 'dispatcherServlet'
09:41:04.448 paywei [http-nio-8080-exec-1] INFO  o.s.web.servlet.DispatcherServlet - Completed initialization in 3 ms
09:41:04.693 paywei [http-nio-8080-exec-2] INFO  com.zaxxer.hikari.HikariDataSource - HikariPool-1 - Starting...
09:41:04.900 paywei [http-nio-8080-exec-2] INFO  com.zaxxer.hikari.HikariDataSource - HikariPool-1 - Start completed.
09:42:48.011 paywei [main] INFO  com.demo.paywei.PayweiApplication - Starting PayweiApplication on DESKTOP-4IL9A7A with PID 21420 (F:\paywei\target\classes started by Yang in F:\paywei)
09:42:48.012 paywei [main] INFO  com.demo.paywei.PayweiApplication - No active profile set, falling back to default profiles: default
09:42:48.756 paywei [main] INFO  o.s.b.w.e.tomcat.TomcatWebServer - Tomcat initialized with port(s): 8080 (http)
09:42:48.762 paywei [main] INFO  o.a.coyote.http11.Http11NioProtocol - Initializing ProtocolHandler ["http-nio-8080"]
09:42:48.763 paywei [main] INFO  o.a.catalina.core.StandardService - Starting service [Tomcat]
09:42:48.763 paywei [main] INFO  o.a.catalina.core.StandardEngine - Starting Servlet engine: [Apache Tomcat/9.0.29]
09:42:48.872 paywei [main] INFO  o.a.c.c.C.[Tomcat].[localhost].[/] - Initializing Spring embedded WebApplicationContext
09:42:48.873 paywei [main] INFO  o.s.web.context.ContextLoader - Root WebApplicationContext: initialization completed in 828 ms
09:42:49.201 paywei [main] INFO  o.s.s.c.ThreadPoolTaskExecutor - Initializing ExecutorService 'applicationTaskExecutor'
09:42:49.249 paywei [main] INFO  o.s.b.a.w.s.WelcomePageHandlerMapping - Adding welcome page template: index
09:42:49.386 paywei [main] INFO  o.a.coyote.http11.Http11NioProtocol - Starting ProtocolHandler ["http-nio-8080"]
09:42:49.404 paywei [main] INFO  o.s.b.w.e.tomcat.TomcatWebServer - Tomcat started on port(s): 8080 (http) with context path ''
09:42:49.407 paywei [main] INFO  com.demo.paywei.PayweiApplication - Started PayweiApplication in 1.663 seconds (JVM running for 3.176)
09:42:52.055 paywei [http-nio-8080-exec-1] INFO  o.a.c.c.C.[Tomcat].[localhost].[/] - Initializing Spring DispatcherServlet 'dispatcherServlet'
09:42:52.055 paywei [http-nio-8080-exec-1] INFO  o.s.web.servlet.DispatcherServlet - Initializing Servlet 'dispatcherServlet'
09:42:52.060 paywei [http-nio-8080-exec-1] INFO  o.s.web.servlet.DispatcherServlet - Completed initialization in 5 ms
09:42:52.586 paywei [http-nio-8080-exec-10] INFO  com.zaxxer.hikari.HikariDataSource - HikariPool-1 - Starting...
09:42:52.826 paywei [http-nio-8080-exec-10] INFO  com.zaxxer.hikari.HikariDataSource - HikariPool-1 - Start completed.
09:45:03.993 paywei [main] INFO  com.demo.paywei.PayweiApplication - Starting PayweiApplication on DESKTOP-4IL9A7A with PID 11548 (F:\paywei\target\classes started by Yang in F:\paywei)
09:45:03.995 paywei [main] INFO  com.demo.paywei.PayweiApplication - No active profile set, falling back to default profiles: default
09:45:04.838 paywei [main] INFO  o.s.b.w.e.tomcat.TomcatWebServer - Tomcat initialized with port(s): 8080 (http)
09:45:04.844 paywei [main] INFO  o.a.coyote.http11.Http11NioProtocol - Initializing ProtocolHandler ["http-nio-8080"]
09:45:04.845 paywei [main] INFO  o.a.catalina.core.StandardService - Starting service [Tomcat]
09:45:04.845 paywei [main] INFO  o.a.catalina.core.StandardEngine - Starting Servlet engine: [Apache Tomcat/9.0.29]
09:45:04.951 paywei [main] INFO  o.a.c.c.C.[Tomcat].[localhost].[/] - Initializing Spring embedded WebApplicationContext
09:45:04.952 paywei [main] INFO  o.s.web.context.ContextLoader - Root WebApplicationContext: initialization completed in 918 ms
09:45:05.238 paywei [main] INFO  o.s.s.c.ThreadPoolTaskExecutor - Initializing ExecutorService 'applicationTaskExecutor'
09:45:05.282 paywei [main] INFO  o.s.b.a.w.s.WelcomePageHandlerMapping - Adding welcome page template: index
09:45:05.410 paywei [main] INFO  o.a.coyote.http11.Http11NioProtocol - Starting ProtocolHandler ["http-nio-8080"]
09:45:05.425 paywei [main] INFO  o.s.b.w.e.tomcat.TomcatWebServer - Tomcat started on port(s): 8080 (http) with context path ''
09:45:05.427 paywei [main] INFO  com.demo.paywei.PayweiApplication - Started PayweiApplication in 1.746 seconds (JVM running for 3.094)
09:45:05.888 paywei [http-nio-8080-exec-1] INFO  o.a.c.c.C.[Tomcat].[localhost].[/] - Initializing Spring DispatcherServlet 'dispatcherServlet'
09:45:05.888 paywei [http-nio-8080-exec-1] INFO  o.s.web.servlet.DispatcherServlet - Initializing Servlet 'dispatcherServlet'
09:45:05.893 paywei [http-nio-8080-exec-1] INFO  o.s.web.servlet.DispatcherServlet - Completed initialization in 4 ms
09:45:06.119 paywei [http-nio-8080-exec-2] INFO  com.zaxxer.hikari.HikariDataSource - HikariPool-1 - Starting...
09:45:06.308 paywei [http-nio-8080-exec-2] INFO  com.zaxxer.hikari.HikariDataSource - HikariPool-1 - Start completed.
09:47:07.212 paywei [main] INFO  com.demo.paywei.PayweiApplication - Starting PayweiApplication on DESKTOP-4IL9A7A with PID 21488 (F:\paywei\target\classes started by Yang in F:\paywei)
09:47:07.214 paywei [main] INFO  com.demo.paywei.PayweiApplication - No active profile set, falling back to default profiles: default
09:47:07.930 paywei [main] INFO  o.s.b.w.e.tomcat.TomcatWebServer - Tomcat initialized with port(s): 8080 (http)
09:47:07.937 paywei [main] INFO  o.a.coyote.http11.Http11NioProtocol - Initializing ProtocolHandler ["http-nio-8080"]
09:47:07.937 paywei [main] INFO  o.a.catalina.core.StandardService - Starting service [Tomcat]
09:47:07.937 paywei [main] INFO  o.a.catalina.core.StandardEngine - Starting Servlet engine: [Apache Tomcat/9.0.29]
09:47:08.085 paywei [main] INFO  o.a.c.c.C.[Tomcat].[localhost].[/] - Initializing Spring embedded WebApplicationContext
09:47:08.085 paywei [main] INFO  o.s.web.context.ContextLoader - Root WebApplicationContext: initialization completed in 837 ms
09:47:08.386 paywei [main] INFO  o.s.s.c.ThreadPoolTaskExecutor - Initializing ExecutorService 'applicationTaskExecutor'
09:47:08.429 paywei [main] INFO  o.s.b.a.w.s.WelcomePageHandlerMapping - Adding welcome page template: index
09:47:08.565 paywei [main] INFO  o.a.coyote.http11.Http11NioProtocol - Starting ProtocolHandler ["http-nio-8080"]
09:47:08.583 paywei [main] INFO  o.s.b.w.e.tomcat.TomcatWebServer - Tomcat started on port(s): 8080 (http) with context path ''
09:47:08.586 paywei [main] INFO  com.demo.paywei.PayweiApplication - Started PayweiApplication in 1.593 seconds (JVM running for 2.865)
09:47:12.289 paywei [http-nio-8080-exec-1] INFO  o.a.c.c.C.[Tomcat].[localhost].[/] - Initializing Spring DispatcherServlet 'dispatcherServlet'
09:47:12.289 paywei [http-nio-8080-exec-1] INFO  o.s.web.servlet.DispatcherServlet - Initializing Servlet 'dispatcherServlet'
09:47:12.292 paywei [http-nio-8080-exec-1] INFO  o.s.web.servlet.DispatcherServlet - Completed initialization in 3 ms
09:47:12.512 paywei [http-nio-8080-exec-6] INFO  com.zaxxer.hikari.HikariDataSource - HikariPool-1 - Starting...
09:47:12.719 paywei [http-nio-8080-exec-6] INFO  com.zaxxer.hikari.HikariDataSource - HikariPool-1 - Start completed.
09:47:58.482 paywei [main] INFO  com.demo.paywei.PayweiApplication - Starting PayweiApplication on DESKTOP-4IL9A7A with PID 12400 (F:\paywei\target\classes started by Yang in F:\paywei)
09:47:58.484 paywei [main] INFO  com.demo.paywei.PayweiApplication - No active profile set, falling back to default profiles: default
09:47:59.175 paywei [main] INFO  o.s.b.w.e.tomcat.TomcatWebServer - Tomcat initialized with port(s): 8080 (http)
09:47:59.180 paywei [main] INFO  o.a.coyote.http11.Http11NioProtocol - Initializing ProtocolHandler ["http-nio-8080"]
09:47:59.181 paywei [main] INFO  o.a.catalina.core.StandardService - Starting service [Tomcat]
09:47:59.181 paywei [main] INFO  o.a.catalina.core.StandardEngine - Starting Servlet engine: [Apache Tomcat/9.0.29]
09:47:59.281 paywei [main] INFO  o.a.c.c.C.[Tomcat].[localhost].[/] - Initializing Spring embedded WebApplicationContext
09:47:59.281 paywei [main] INFO  o.s.web.context.ContextLoader - Root WebApplicationContext: initialization completed in 764 ms
09:47:59.571 paywei [main] INFO  o.s.s.c.ThreadPoolTaskExecutor - Initializing ExecutorService 'applicationTaskExecutor'
09:47:59.612 paywei [main] INFO  o.s.b.a.w.s.WelcomePageHandlerMapping - Adding welcome page template: index
09:47:59.737 paywei [main] INFO  o.a.coyote.http11.Http11NioProtocol - Starting ProtocolHandler ["http-nio-8080"]
09:47:59.754 paywei [main] INFO  o.s.b.w.e.tomcat.TomcatWebServer - Tomcat started on port(s): 8080 (http) with context path ''
09:47:59.757 paywei [main] INFO  com.demo.paywei.PayweiApplication - Started PayweiApplication in 1.487 seconds (JVM running for 2.981)
09:48:03.376 paywei [http-nio-8080-exec-1] INFO  o.a.c.c.C.[Tomcat].[localhost].[/] - Initializing Spring DispatcherServlet 'dispatcherServlet'
09:48:03.376 paywei [http-nio-8080-exec-1] INFO  o.s.web.servlet.DispatcherServlet - Initializing Servlet 'dispatcherServlet'
09:48:03.379 paywei [http-nio-8080-exec-1] INFO  o.s.web.servlet.DispatcherServlet - Completed initialization in 3 ms
09:48:03.608 paywei [http-nio-8080-exec-3] INFO  com.zaxxer.hikari.HikariDataSource - HikariPool-1 - Starting...
09:48:03.808 paywei [http-nio-8080-exec-3] INFO  com.zaxxer.hikari.HikariDataSource - HikariPool-1 - Start completed.
09:48:11.799 paywei [main] INFO  com.demo.paywei.PayweiApplication - Starting PayweiApplication on DESKTOP-4IL9A7A with PID 14196 (F:\paywei\target\classes started by Yang in F:\paywei)
09:48:11.802 paywei [main] INFO  com.demo.paywei.PayweiApplication - No active profile set, falling back to default profiles: default
09:48:12.521 paywei [main] INFO  o.s.b.w.e.tomcat.TomcatWebServer - Tomcat initialized with port(s): 8080 (http)
09:48:12.527 paywei [main] INFO  o.a.coyote.http11.Http11NioProtocol - Initializing ProtocolHandler ["http-nio-8080"]
09:48:12.527 paywei [main] INFO  o.a.catalina.core.StandardService - Starting service [Tomcat]
09:48:12.527 paywei [main] INFO  o.a.catalina.core.StandardEngine - Starting Servlet engine: [Apache Tomcat/9.0.29]
09:48:12.696 paywei [main] INFO  o.a.c.c.C.[Tomcat].[localhost].[/] - Initializing Spring embedded WebApplicationContext
09:48:12.696 paywei [main] INFO  o.s.web.context.ContextLoader - Root WebApplicationContext: initialization completed in 854 ms
09:48:13.014 paywei [main] INFO  o.s.s.c.ThreadPoolTaskExecutor - Initializing ExecutorService 'applicationTaskExecutor'
09:48:13.056 paywei [main] INFO  o.s.b.a.w.s.WelcomePageHandlerMapping - Adding welcome page template: index
09:48:13.187 paywei [main] INFO  o.a.coyote.http11.Http11NioProtocol - Starting ProtocolHandler ["http-nio-8080"]
09:48:13.204 paywei [main] INFO  o.s.b.w.e.tomcat.TomcatWebServer - Tomcat started on port(s): 8080 (http) with context path ''
09:48:13.206 paywei [main] INFO  com.demo.paywei.PayweiApplication - Started PayweiApplication in 1.626 seconds (JVM running for 3.36)
09:48:13.260 paywei [http-nio-8080-exec-1] INFO  o.a.c.c.C.[Tomcat].[localhost].[/] - Initializing Spring DispatcherServlet 'dispatcherServlet'
09:48:13.260 paywei [http-nio-8080-exec-1] INFO  o.s.web.servlet.DispatcherServlet - Initializing Servlet 'dispatcherServlet'
09:48:13.263 paywei [http-nio-8080-exec-1] INFO  o.s.web.servlet.DispatcherServlet - Completed initialization in 3 ms
09:48:13.750 paywei [http-nio-8080-exec-6] INFO  com.zaxxer.hikari.HikariDataSource - HikariPool-1 - Starting...
09:48:13.973 paywei [http-nio-8080-exec-6] INFO  com.zaxxer.hikari.HikariDataSource - HikariPool-1 - Start completed.
09:49:13.761 paywei [main] INFO  com.demo.paywei.PayweiApplication - Starting PayweiApplication on DESKTOP-4IL9A7A with PID 17152 (F:\paywei\target\classes started by Yang in F:\paywei)
09:49:13.763 paywei [main] INFO  com.demo.paywei.PayweiApplication - No active profile set, falling back to default profiles: default
09:49:14.453 paywei [main] INFO  o.s.b.w.e.tomcat.TomcatWebServer - Tomcat initialized with port(s): 8080 (http)
09:49:14.459 paywei [main] INFO  o.a.coyote.http11.Http11NioProtocol - Initializing ProtocolHandler ["http-nio-8080"]
09:49:14.459 paywei [main] INFO  o.a.catalina.core.StandardService - Starting service [Tomcat]
09:49:14.459 paywei [main] INFO  o.a.catalina.core.StandardEngine - Starting Servlet engine: [Apache Tomcat/9.0.29]
09:49:14.552 paywei [main] INFO  o.a.c.c.C.[Tomcat].[localhost].[/] - Initializing Spring embedded WebApplicationContext
09:49:14.552 paywei [main] INFO  o.s.web.context.ContextLoader - Root WebApplicationContext: initialization completed in 757 ms
09:49:14.858 paywei [main] INFO  o.s.s.c.ThreadPoolTaskExecutor - Initializing ExecutorService 'applicationTaskExecutor'
09:49:14.903 paywei [main] INFO  o.s.b.a.w.s.WelcomePageHandlerMapping - Adding welcome page template: index
09:49:14.993 paywei [main] INFO  o.a.coyote.http11.Http11NioProtocol - Starting ProtocolHandler ["http-nio-8080"]
09:49:15.045 paywei [main] INFO  o.s.b.w.e.tomcat.TomcatWebServer - Tomcat started on port(s): 8080 (http) with context path ''
09:49:15.047 paywei [main] INFO  com.demo.paywei.PayweiApplication - Started PayweiApplication in 1.485 seconds (JVM running for 2.872)
09:54:34.891 paywei [http-nio-8080-exec-1] INFO  o.a.c.c.C.[Tomcat].[localhost].[/] - Initializing Spring DispatcherServlet 'dispatcherServlet'
09:54:34.891 paywei [http-nio-8080-exec-1] INFO  o.s.web.servlet.DispatcherServlet - Initializing Servlet 'dispatcherServlet'
09:54:34.896 paywei [http-nio-8080-exec-1] INFO  o.s.web.servlet.DispatcherServlet - Completed initialization in 5 ms
09:54:35.149 paywei [http-nio-8080-exec-10] INFO  com.zaxxer.hikari.HikariDataSource - HikariPool-1 - Starting...
09:54:35.385 paywei [http-nio-8080-exec-10] INFO  com.zaxxer.hikari.HikariDataSource - HikariPool-1 - Start completed.
09:56:39.753 paywei [main] INFO  com.demo.paywei.PayweiApplication - Starting PayweiApplication on DESKTOP-4IL9A7A with PID 16768 (F:\paywei\target\classes started by Yang in F:\paywei)
09:56:39.757 paywei [main] INFO  com.demo.paywei.PayweiApplication - No active profile set, falling back to default profiles: default
09:56:40.584 paywei [main] INFO  o.s.b.w.e.tomcat.TomcatWebServer - Tomcat initialized with port(s): 8080 (http)
09:56:40.590 paywei [main] INFO  o.a.coyote.http11.Http11NioProtocol - Initializing ProtocolHandler ["http-nio-8080"]
09:56:40.591 paywei [main] INFO  o.a.catalina.core.StandardService - Starting service [Tomcat]
09:56:40.591 paywei [main] INFO  o.a.catalina.core.StandardEngine - Starting Servlet engine: [Apache Tomcat/9.0.29]
09:56:40.698 paywei [main] INFO  o.a.c.c.C.[Tomcat].[localhost].[/] - Initializing Spring embedded WebApplicationContext
09:56:40.698 paywei [main] INFO  o.s.web.context.ContextLoader - Root WebApplicationContext: initialization completed in 866 ms
09:56:41.005 paywei [main] INFO  o.s.s.c.ThreadPoolTaskExecutor - Initializing ExecutorService 'applicationTaskExecutor'
09:56:41.054 paywei [main] INFO  o.s.b.a.w.s.WelcomePageHandlerMapping - Adding welcome page template: index
09:56:41.190 paywei [main] INFO  o.a.coyote.http11.Http11NioProtocol - Starting ProtocolHandler ["http-nio-8080"]
09:56:41.207 paywei [main] INFO  o.s.b.w.e.tomcat.TomcatWebServer - Tomcat started on port(s): 8080 (http) with context path ''
09:56:41.210 paywei [main] INFO  com.demo.paywei.PayweiApplication - Started PayweiApplication in 1.679 seconds (JVM running for 3.254)
09:56:42.430 paywei [http-nio-8080-exec-1] INFO  o.a.c.c.C.[Tomcat].[localhost].[/] - Initializing Spring DispatcherServlet 'dispatcherServlet'
09:56:42.430 paywei [http-nio-8080-exec-1] INFO  o.s.web.servlet.DispatcherServlet - Initializing Servlet 'dispatcherServlet'
09:56:42.435 paywei [http-nio-8080-exec-1] INFO  o.s.web.servlet.DispatcherServlet - Completed initialization in 5 ms
09:56:42.660 paywei [http-nio-8080-exec-3] INFO  com.zaxxer.hikari.HikariDataSource - HikariPool-1 - Starting...
09:56:42.865 paywei [http-nio-8080-exec-3] INFO  com.zaxxer.hikari.HikariDataSource - HikariPool-1 - Start completed.
09:57:24.992 paywei [main] INFO  com.demo.paywei.PayweiApplication - Starting PayweiApplication on DESKTOP-4IL9A7A with PID 17988 (F:\paywei\target\classes started by Yang in F:\paywei)
09:57:24.994 paywei [main] INFO  com.demo.paywei.PayweiApplication - No active profile set, falling back to default profiles: default
09:57:25.708 paywei [main] INFO  o.s.b.w.e.tomcat.TomcatWebServer - Tomcat initialized with port(s): 8080 (http)
09:57:25.714 paywei [main] INFO  o.a.coyote.http11.Http11NioProtocol - Initializing ProtocolHandler ["http-nio-8080"]
09:57:25.714 paywei [main] INFO  o.a.catalina.core.StandardService - Starting service [Tomcat]
09:57:25.714 paywei [main] INFO  o.a.catalina.core.StandardEngine - Starting Servlet engine: [Apache Tomcat/9.0.29]
09:57:25.816 paywei [main] INFO  o.a.c.c.C.[Tomcat].[localhost].[/] - Initializing Spring embedded WebApplicationContext
09:57:25.816 paywei [main] INFO  o.s.web.context.ContextLoader - Root WebApplicationContext: initialization completed in 784 ms
09:57:26.103 paywei [main] INFO  o.s.s.c.ThreadPoolTaskExecutor - Initializing ExecutorService 'applicationTaskExecutor'
09:57:26.145 paywei [main] INFO  o.s.b.a.w.s.WelcomePageHandlerMapping - Adding welcome page template: index
09:57:26.271 paywei [main] INFO  o.a.coyote.http11.Http11NioProtocol - Starting ProtocolHandler ["http-nio-8080"]
09:57:26.288 paywei [main] INFO  o.s.b.w.e.tomcat.TomcatWebServer - Tomcat started on port(s): 8080 (http) with context path ''
09:57:26.291 paywei [main] INFO  com.demo.paywei.PayweiApplication - Started PayweiApplication in 1.506 seconds (JVM running for 2.903)
