15:30:12.868 paywei [main] INFO  com.demo.paywei.PayweiApplication - Starting PayweiApplication on DESKTOP-4IL9A7A with PID 8444 (F:\paywei\target\classes started by Yang in F:\paywei)
15:30:12.868 paywei [main] INFO  com.demo.paywei.PayweiApplication - No active profile set, falling back to default profiles: default
15:30:13.758 paywei [main] INFO  o.s.b.w.e.tomcat.TomcatWebServer - Tomcat initialized with port(s): 8080 (http)
15:30:13.758 paywei [main] INFO  o.a.coyote.http11.Http11NioProtocol - Initializing ProtocolHandler ["http-nio-8080"]
15:30:13.758 paywei [main] INFO  o.a.catalina.core.StandardService - Starting service [Tomcat]
15:30:13.758 paywei [main] INFO  o.a.catalina.core.StandardEngine - Starting Servlet engine: [Apache Tomcat/9.0.29]
15:30:13.883 paywei [main] INFO  o.a.c.c.C.[Tomcat].[localhost].[/] - Initializing Spring embedded WebApplicationContext
15:30:13.883 paywei [main] INFO  o.s.web.context.ContextLoader - Root WebApplicationContext: initialization completed in 984 ms
15:30:14.274 paywei [main] INFO  o.s.s.c.ThreadPoolTaskExecutor - Initializing ExecutorService 'applicationTaskExecutor'
15:30:14.320 paywei [main] INFO  o.s.b.a.w.s.WelcomePageHandlerMapping - Adding welcome page template: index
15:30:14.430 paywei [main] INFO  o.a.coyote.http11.Http11NioProtocol - Starting ProtocolHandler ["http-nio-8080"]
15:30:14.477 paywei [main] INFO  o.s.b.w.e.tomcat.TomcatWebServer - Tomcat started on port(s): 8080 (http) with context path ''
15:30:14.492 paywei [main] INFO  com.demo.paywei.PayweiApplication - Started PayweiApplication in 1.9 seconds (JVM running for 3.601)
15:43:18.658 paywei [main] INFO  com.demo.paywei.PayweiApplication - Starting PayweiApplication on DESKTOP-4IL9A7A with PID 3344 (F:\paywei\target\classes started by Yang in F:\paywei)
15:43:18.660 paywei [main] INFO  com.demo.paywei.PayweiApplication - No active profile set, falling back to default profiles: default
15:43:19.383 paywei [main] INFO  o.s.b.w.e.tomcat.TomcatWebServer - Tomcat initialized with port(s): 8080 (http)
15:43:19.391 paywei [main] INFO  o.a.coyote.http11.Http11NioProtocol - Initializing ProtocolHandler ["http-nio-8080"]
15:43:19.391 paywei [main] INFO  o.a.catalina.core.StandardService - Starting service [Tomcat]
15:43:19.391 paywei [main] INFO  o.a.catalina.core.StandardEngine - Starting Servlet engine: [Apache Tomcat/9.0.29]
15:43:19.503 paywei [main] INFO  o.a.c.c.C.[Tomcat].[localhost].[/] - Initializing Spring embedded WebApplicationContext
15:43:19.503 paywei [main] INFO  o.s.web.context.ContextLoader - Root WebApplicationContext: initialization completed in 811 ms
15:43:19.815 paywei [main] INFO  o.s.s.c.ThreadPoolTaskExecutor - Initializing ExecutorService 'applicationTaskExecutor'
15:43:19.861 paywei [main] INFO  o.s.b.a.w.s.WelcomePageHandlerMapping - Adding welcome page template: index
15:43:19.998 paywei [main] INFO  o.a.coyote.http11.Http11NioProtocol - Starting ProtocolHandler ["http-nio-8080"]
15:43:20.015 paywei [main] INFO  o.s.b.w.e.tomcat.TomcatWebServer - Tomcat started on port(s): 8080 (http) with context path ''
15:43:20.017 paywei [main] INFO  com.demo.paywei.PayweiApplication - Started PayweiApplication in 1.562 seconds (JVM running for 2.979)
15:43:20.419 paywei [http-nio-8080-exec-1] INFO  o.a.c.c.C.[Tomcat].[localhost].[/] - Initializing Spring DispatcherServlet 'dispatcherServlet'
15:43:20.420 paywei [http-nio-8080-exec-1] INFO  o.s.web.servlet.DispatcherServlet - Initializing Servlet 'dispatcherServlet'
15:43:20.424 paywei [http-nio-8080-exec-1] INFO  o.s.web.servlet.DispatcherServlet - Completed initialization in 4 ms
15:43:29.642 paywei [http-nio-8080-exec-9] INFO  o.a.tomcat.util.http.parser.Cookie - A cookie header was received [1600762349,1600829568; JSESSIONID=33BA1A87EA49FCBD5D4A0427E24C1E4B] that contained an invalid cookie. That cookie will be ignored.
 Note: further occurrences of this error will be logged at DEBUG level.
15:43:32.844 paywei [http-nio-8080-exec-3] INFO  com.zaxxer.hikari.HikariDataSource - HikariPool-1 - Starting...
15:43:33.169 paywei [http-nio-8080-exec-3] INFO  com.zaxxer.hikari.HikariDataSource - HikariPool-1 - Start completed.
