14:24:44.185 paywei [main] INFO  com.demo.paywei.PayweiApplication - Starting PayweiApplication on DESKTOP-4IL9A7A with PID 18456 (F:\paywei\target\classes started by Yang in F:\paywei)
14:24:44.187 paywei [main] INFO  com.demo.paywei.PayweiApplication - No active profile set, falling back to default profiles: default
14:24:45.205 paywei [main] INFO  o.s.b.w.e.tomcat.TomcatWebServer - Tomcat initialized with port(s): 8080 (http)
14:24:45.211 paywei [main] INFO  o.a.coyote.http11.Http11NioProtocol - Initializing ProtocolHandler ["http-nio-8080"]
14:24:45.211 paywei [main] INFO  o.a.catalina.core.StandardService - Starting service [Tomcat]
14:24:45.211 paywei [main] INFO  o.a.catalina.core.StandardEngine - Starting Servlet engine: [Apache Tomcat/9.0.29]
14:24:45.316 paywei [main] INFO  o.a.c.c.C.[Tomcat].[localhost].[/] - Initializing Spring embedded WebApplicationContext
14:24:45.316 paywei [main] INFO  o.s.web.context.ContextLoader - Root WebApplicationContext: initialization completed in 1080 ms
14:24:45.639 paywei [main] INFO  o.s.s.c.ThreadPoolTaskExecutor - Initializing ExecutorService 'applicationTaskExecutor'
14:24:45.705 paywei [main] INFO  o.s.b.a.w.s.WelcomePageHandlerMapping - Adding welcome page template: index
14:24:45.856 paywei [main] INFO  o.a.coyote.http11.Http11NioProtocol - Starting ProtocolHandler ["http-nio-8080"]
14:24:45.875 paywei [main] INFO  o.s.b.w.e.tomcat.TomcatWebServer - Tomcat started on port(s): 8080 (http) with context path ''
14:24:45.877 paywei [main] INFO  com.demo.paywei.PayweiApplication - Started PayweiApplication in 1.939 seconds (JVM running for 3.266)
14:24:46.015 paywei [http-nio-8080-exec-1] INFO  o.a.tomcat.util.http.parser.Cookie - A cookie header was received [1600762349,1600829568; Hm_lpvt_b393d153aeb26b46e9431fabaf0f6190=1600831494; JSESSIONID=D8EF29B8ACB5EFC6A5BDF312C7D97D45] that contained an invalid cookie. That cookie will be ignored.
 Note: further occurrences of this error will be logged at DEBUG level.
14:24:46.021 paywei [http-nio-8080-exec-1] INFO  o.a.c.c.C.[Tomcat].[localhost].[/] - Initializing Spring DispatcherServlet 'dispatcherServlet'
14:24:46.021 paywei [http-nio-8080-exec-1] INFO  o.s.web.servlet.DispatcherServlet - Initializing Servlet 'dispatcherServlet'
14:24:46.025 paywei [http-nio-8080-exec-1] INFO  o.s.web.servlet.DispatcherServlet - Completed initialization in 4 ms
14:24:46.061 paywei [http-nio-8080-exec-1] INFO  com.zaxxer.hikari.HikariDataSource - HikariPool-1 - Starting...
14:24:46.325 paywei [http-nio-8080-exec-1] INFO  com.zaxxer.hikari.HikariDataSource - HikariPool-1 - Start completed.
14:25:17.461 paywei [main] INFO  com.demo.paywei.PayweiApplication - Starting PayweiApplication on DESKTOP-4IL9A7A with PID 21996 (F:\paywei\target\classes started by Yang in F:\paywei)
14:25:17.463 paywei [main] INFO  com.demo.paywei.PayweiApplication - No active profile set, falling back to default profiles: default
14:25:29.589 paywei [main] INFO  com.demo.paywei.PayweiApplication - Starting PayweiApplication on DESKTOP-4IL9A7A with PID 9112 (F:\paywei\target\classes started by Yang in F:\paywei)
14:25:29.591 paywei [main] INFO  com.demo.paywei.PayweiApplication - No active profile set, falling back to default profiles: default
14:25:30.463 paywei [main] INFO  o.s.b.w.e.tomcat.TomcatWebServer - Tomcat initialized with port(s): 8080 (http)
14:25:30.471 paywei [main] INFO  o.a.coyote.http11.Http11NioProtocol - Initializing ProtocolHandler ["http-nio-8080"]
14:25:30.472 paywei [main] INFO  o.a.catalina.core.StandardService - Starting service [Tomcat]
14:25:30.472 paywei [main] INFO  o.a.catalina.core.StandardEngine - Starting Servlet engine: [Apache Tomcat/9.0.29]
14:25:30.591 paywei [main] INFO  o.a.c.c.C.[Tomcat].[localhost].[/] - Initializing Spring embedded WebApplicationContext
14:25:30.591 paywei [main] INFO  o.s.web.context.ContextLoader - Root WebApplicationContext: initialization completed in 961 ms
14:25:30.944 paywei [main] INFO  o.s.s.c.ThreadPoolTaskExecutor - Initializing ExecutorService 'applicationTaskExecutor'
14:25:31.047 paywei [main] INFO  o.s.b.a.w.s.WelcomePageHandlerMapping - Adding welcome page template: index
14:25:31.152 paywei [main] INFO  o.a.coyote.http11.Http11NioProtocol - Starting ProtocolHandler ["http-nio-8080"]
14:25:31.174 paywei [main] INFO  o.s.b.w.e.tomcat.TomcatWebServer - Tomcat started on port(s): 8080 (http) with context path ''
14:25:31.177 paywei [main] INFO  com.demo.paywei.PayweiApplication - Started PayweiApplication in 1.832 seconds (JVM running for 3.291)
14:25:31.236 paywei [http-nio-8080-exec-1] INFO  o.a.tomcat.util.http.parser.Cookie - A cookie header was received [1600762349,1600829568; Hm_lpvt_b393d153aeb26b46e9431fabaf0f6190=1600831494; JSESSIONID=9856B072094505173704AD92D48303BA] that contained an invalid cookie. That cookie will be ignored.
 Note: further occurrences of this error will be logged at DEBUG level.
14:25:31.241 paywei [http-nio-8080-exec-1] INFO  o.a.c.c.C.[Tomcat].[localhost].[/] - Initializing Spring DispatcherServlet 'dispatcherServlet'
14:25:31.242 paywei [http-nio-8080-exec-1] INFO  o.s.web.servlet.DispatcherServlet - Initializing Servlet 'dispatcherServlet'
14:25:31.246 paywei [http-nio-8080-exec-1] INFO  o.s.web.servlet.DispatcherServlet - Completed initialization in 4 ms
14:25:31.610 paywei [http-nio-8080-exec-6] INFO  com.zaxxer.hikari.HikariDataSource - HikariPool-1 - Starting...
14:25:31.833 paywei [http-nio-8080-exec-6] INFO  com.zaxxer.hikari.HikariDataSource - HikariPool-1 - Start completed.
14:27:42.214 paywei [main] INFO  com.demo.paywei.PayweiApplication - Starting PayweiApplication on DESKTOP-4IL9A7A with PID 16216 (F:\paywei\target\classes started by Yang in F:\paywei)
14:27:42.216 paywei [main] INFO  com.demo.paywei.PayweiApplication - No active profile set, falling back to default profiles: default
14:27:42.926 paywei [main] INFO  o.s.b.w.e.tomcat.TomcatWebServer - Tomcat initialized with port(s): 8080 (http)
14:27:42.932 paywei [main] INFO  o.a.coyote.http11.Http11NioProtocol - Initializing ProtocolHandler ["http-nio-8080"]
14:27:42.933 paywei [main] INFO  o.a.catalina.core.StandardService - Starting service [Tomcat]
14:27:42.933 paywei [main] INFO  o.a.catalina.core.StandardEngine - Starting Servlet engine: [Apache Tomcat/9.0.29]
14:27:43.051 paywei [main] INFO  o.a.c.c.C.[Tomcat].[localhost].[/] - Initializing Spring embedded WebApplicationContext
14:27:43.051 paywei [main] INFO  o.s.web.context.ContextLoader - Root WebApplicationContext: initialization completed in 803 ms
14:27:43.637 paywei [main] INFO  o.s.s.c.ThreadPoolTaskExecutor - Initializing ExecutorService 'applicationTaskExecutor'
14:27:43.691 paywei [main] INFO  o.s.b.a.w.s.WelcomePageHandlerMapping - Adding welcome page template: index
14:27:43.822 paywei [main] INFO  o.a.coyote.http11.Http11NioProtocol - Starting ProtocolHandler ["http-nio-8080"]
14:27:43.839 paywei [main] INFO  o.s.b.w.e.tomcat.TomcatWebServer - Tomcat started on port(s): 8080 (http) with context path ''
14:27:43.841 paywei [main] INFO  com.demo.paywei.PayweiApplication - Started PayweiApplication in 1.879 seconds (JVM running for 3.124)
14:27:44.009 paywei [http-nio-8080-exec-1] INFO  o.a.tomcat.util.http.parser.Cookie - A cookie header was received [1600762349,1600829568; Hm_lpvt_b393d153aeb26b46e9431fabaf0f6190=1600831494; JSESSIONID=AF3861824CB4512F5AC506117F10F2BE] that contained an invalid cookie. That cookie will be ignored.
 Note: further occurrences of this error will be logged at DEBUG level.
14:27:44.014 paywei [http-nio-8080-exec-1] INFO  o.a.c.c.C.[Tomcat].[localhost].[/] - Initializing Spring DispatcherServlet 'dispatcherServlet'
14:27:44.014 paywei [http-nio-8080-exec-1] INFO  o.s.web.servlet.DispatcherServlet - Initializing Servlet 'dispatcherServlet'
14:27:44.018 paywei [http-nio-8080-exec-1] INFO  o.s.web.servlet.DispatcherServlet - Completed initialization in 4 ms
14:27:44.353 paywei [http-nio-8080-exec-2] INFO  com.zaxxer.hikari.HikariDataSource - HikariPool-1 - Starting...
14:27:44.655 paywei [http-nio-8080-exec-2] INFO  com.zaxxer.hikari.HikariDataSource - HikariPool-1 - Start completed.
14:30:16.863 paywei [main] INFO  com.demo.paywei.PayweiApplication - Starting PayweiApplication on DESKTOP-4IL9A7A with PID 20292 (F:\paywei\target\classes started by Yang in F:\paywei)
14:30:16.866 paywei [main] INFO  com.demo.paywei.PayweiApplication - No active profile set, falling back to default profiles: default
14:30:17.840 paywei [main] INFO  o.s.b.w.e.tomcat.TomcatWebServer - Tomcat initialized with port(s): 8080 (http)
14:30:17.848 paywei [main] INFO  o.a.coyote.http11.Http11NioProtocol - Initializing ProtocolHandler ["http-nio-8080"]
14:30:17.849 paywei [main] INFO  o.a.catalina.core.StandardService - Starting service [Tomcat]
14:30:17.849 paywei [main] INFO  o.a.catalina.core.StandardEngine - Starting Servlet engine: [Apache Tomcat/9.0.29]
14:30:17.961 paywei [main] INFO  o.a.c.c.C.[Tomcat].[localhost].[/] - Initializing Spring embedded WebApplicationContext
14:30:17.961 paywei [main] INFO  o.s.web.context.ContextLoader - Root WebApplicationContext: initialization completed in 1032 ms
14:30:18.403 paywei [main] INFO  o.s.s.c.ThreadPoolTaskExecutor - Initializing ExecutorService 'applicationTaskExecutor'
14:30:18.505 paywei [main] INFO  o.s.b.a.w.s.WelcomePageHandlerMapping - Adding welcome page template: index
14:30:18.598 paywei [main] INFO  o.a.coyote.http11.Http11NioProtocol - Starting ProtocolHandler ["http-nio-8080"]
14:30:18.620 paywei [main] INFO  o.s.b.w.e.tomcat.TomcatWebServer - Tomcat started on port(s): 8080 (http) with context path ''
14:30:18.622 paywei [main] INFO  com.demo.paywei.PayweiApplication - Started PayweiApplication in 2.036 seconds (JVM running for 3.652)
14:30:25.338 paywei [http-nio-8080-exec-1] INFO  o.a.tomcat.util.http.parser.Cookie - A cookie header was received [1600762349,1600829568; Hm_lpvt_b393d153aeb26b46e9431fabaf0f6190=1600831494; JSESSIONID=FD827FAF03B05AE5D34BA884E8D86D02] that contained an invalid cookie. That cookie will be ignored.
 Note: further occurrences of this error will be logged at DEBUG level.
14:30:25.344 paywei [http-nio-8080-exec-1] INFO  o.a.c.c.C.[Tomcat].[localhost].[/] - Initializing Spring DispatcherServlet 'dispatcherServlet'
14:30:25.345 paywei [http-nio-8080-exec-1] INFO  o.s.web.servlet.DispatcherServlet - Initializing Servlet 'dispatcherServlet'
14:30:25.349 paywei [http-nio-8080-exec-1] INFO  o.s.web.servlet.DispatcherServlet - Completed initialization in 4 ms
14:30:25.567 paywei [http-nio-8080-exec-2] INFO  com.zaxxer.hikari.HikariDataSource - HikariPool-1 - Starting...
14:30:25.837 paywei [http-nio-8080-exec-2] INFO  com.zaxxer.hikari.HikariDataSource - HikariPool-1 - Start completed.
14:35:13.828 paywei [main] INFO  com.demo.paywei.PayweiApplication - Starting PayweiApplication on DESKTOP-4IL9A7A with PID 20356 (F:\paywei\target\classes started by Yang in F:\paywei)
14:35:13.830 paywei [main] INFO  com.demo.paywei.PayweiApplication - No active profile set, falling back to default profiles: default
14:35:14.549 paywei [main] INFO  o.s.b.w.e.tomcat.TomcatWebServer - Tomcat initialized with port(s): 8080 (http)
14:35:14.556 paywei [main] INFO  o.a.coyote.http11.Http11NioProtocol - Initializing ProtocolHandler ["http-nio-8080"]
14:35:14.556 paywei [main] INFO  o.a.catalina.core.StandardService - Starting service [Tomcat]
14:35:14.557 paywei [main] INFO  o.a.catalina.core.StandardEngine - Starting Servlet engine: [Apache Tomcat/9.0.29]
14:35:14.655 paywei [main] INFO  o.a.c.c.C.[Tomcat].[localhost].[/] - Initializing Spring embedded WebApplicationContext
14:35:14.655 paywei [main] INFO  o.s.web.context.ContextLoader - Root WebApplicationContext: initialization completed in 799 ms
14:35:14.972 paywei [main] INFO  o.s.s.c.ThreadPoolTaskExecutor - Initializing ExecutorService 'applicationTaskExecutor'
14:35:15.015 paywei [main] INFO  o.s.b.a.w.s.WelcomePageHandlerMapping - Adding welcome page template: index
14:35:15.216 paywei [main] INFO  o.a.coyote.http11.Http11NioProtocol - Starting ProtocolHandler ["http-nio-8080"]
14:35:15.234 paywei [main] INFO  o.s.b.w.e.tomcat.TomcatWebServer - Tomcat started on port(s): 8080 (http) with context path ''
14:35:15.236 paywei [main] INFO  com.demo.paywei.PayweiApplication - Started PayweiApplication in 1.641 seconds (JVM running for 2.823)
14:35:15.607 paywei [http-nio-8080-exec-1] INFO  o.a.tomcat.util.http.parser.Cookie - A cookie header was received [1600762349,1600829568; Hm_lpvt_b393d153aeb26b46e9431fabaf0f6190=1600831494; JSESSIONID=C9DFB6499DA1A316C5CAA4F760AE4FA9] that contained an invalid cookie. That cookie will be ignored.
 Note: further occurrences of this error will be logged at DEBUG level.
14:35:15.611 paywei [http-nio-8080-exec-1] INFO  o.a.c.c.C.[Tomcat].[localhost].[/] - Initializing Spring DispatcherServlet 'dispatcherServlet'
14:35:15.611 paywei [http-nio-8080-exec-1] INFO  o.s.web.servlet.DispatcherServlet - Initializing Servlet 'dispatcherServlet'
14:35:15.616 paywei [http-nio-8080-exec-1] INFO  o.s.web.servlet.DispatcherServlet - Completed initialization in 5 ms
14:35:15.808 paywei [http-nio-8080-exec-2] INFO  com.zaxxer.hikari.HikariDataSource - HikariPool-1 - Starting...
14:35:16.038 paywei [http-nio-8080-exec-2] INFO  com.zaxxer.hikari.HikariDataSource - HikariPool-1 - Start completed.
