16:09:14.652 paywei [main] INFO  com.demo.paywei.PayweiApplication - Starting PayweiApplication on DESKTOP-4IL9A7A with PID 14668 (F:\paywei\target\classes started by Yang in F:\paywei)
16:09:14.654 paywei [main] INFO  com.demo.paywei.PayweiApplication - No active profile set, falling back to default profiles: default
16:09:15.869 paywei [main] INFO  o.s.b.w.e.tomcat.TomcatWebServer - Tomcat initialized with port(s): 8080 (http)
16:09:15.883 paywei [main] INFO  o.a.coyote.http11.Http11NioProtocol - Initializing ProtocolHandler ["http-nio-8080"]
16:09:15.884 paywei [main] INFO  o.a.catalina.core.StandardService - Starting service [Tomcat]
16:09:15.884 paywei [main] INFO  o.a.catalina.core.StandardEngine - Starting Servlet engine: [Apache Tomcat/9.0.29]
16:09:16.067 paywei [main] INFO  o.a.c.c.C.[Tomcat].[localhost].[/] - Initializing Spring embedded WebApplicationContext
16:09:16.067 paywei [main] INFO  o.s.web.context.ContextLoader - Root WebApplicationContext: initialization completed in 1359 ms
16:09:16.466 paywei [main] INFO  o.s.s.c.ThreadPoolTaskExecutor - Initializing ExecutorService 'applicationTaskExecutor'
16:09:16.534 paywei [main] INFO  o.s.b.a.w.s.WelcomePageHandlerMapping - Adding welcome page template: index
16:09:16.732 paywei [main] INFO  o.a.coyote.http11.Http11NioProtocol - Starting ProtocolHandler ["http-nio-8080"]
16:09:16.750 paywei [main] INFO  o.s.b.w.e.tomcat.TomcatWebServer - Tomcat started on port(s): 8080 (http) with context path ''
16:09:16.752 paywei [main] INFO  com.demo.paywei.PayweiApplication - Started PayweiApplication in 2.466 seconds (JVM running for 4.13)
16:09:16.985 paywei [http-nio-8080-exec-2] INFO  o.a.tomcat.util.http.parser.Cookie - A cookie header was received [1600762349,1600829568; Hm_lpvt_b393d153aeb26b46e9431fabaf0f6190=1600831494; JSESSIONID=6032FDC62202C098F1A87FBAF34C90FF] that contained an invalid cookie. That cookie will be ignored.
 Note: further occurrences of this error will be logged at DEBUG level.
16:09:16.990 paywei [http-nio-8080-exec-2] INFO  o.a.c.c.C.[Tomcat].[localhost].[/] - Initializing Spring DispatcherServlet 'dispatcherServlet'
16:09:16.990 paywei [http-nio-8080-exec-2] INFO  o.s.web.servlet.DispatcherServlet - Initializing Servlet 'dispatcherServlet'
16:09:16.994 paywei [http-nio-8080-exec-2] INFO  o.s.web.servlet.DispatcherServlet - Completed initialization in 4 ms
16:09:17.038 paywei [http-nio-8080-exec-2] INFO  com.zaxxer.hikari.HikariDataSource - HikariPool-1 - Starting...
16:09:17.315 paywei [http-nio-8080-exec-2] INFO  com.zaxxer.hikari.HikariDataSource - HikariPool-1 - Start completed.
16:10:42.648 paywei [main] INFO  o.s.b.t.c.SpringBootTestContextBootstrapper - Neither @ContextConfiguration nor @ContextHierarchy found for test class [com.demo.paywei.PayweiApplicationTests], using SpringBootContextLoader
16:10:42.653 paywei [main] INFO  o.s.t.c.s.AbstractContextLoader - Could not detect default resource locations for test class [com.demo.paywei.PayweiApplicationTests]: no resource found for suffixes {-context.xml, Context.groovy}.
16:10:42.654 paywei [main] INFO  o.s.t.c.s.AnnotationConfigContextLoaderUtils - Could not detect default configuration classes for test class [com.demo.paywei.PayweiApplicationTests]: PayweiApplicationTests does not declare any static, non-private, non-final, nested classes annotated with @Configuration.
16:10:42.745 paywei [main] INFO  o.s.b.t.c.SpringBootTestContextBootstrapper - Found @SpringBootConfiguration com.demo.paywei.PayweiApplication for test class com.demo.paywei.PayweiApplicationTests
16:10:42.831 paywei [main] INFO  o.s.b.t.c.SpringBootTestContextBootstrapper - Loaded default TestExecutionListener class names from location [META-INF/spring.factories]: [org.springframework.boot.test.mock.mockito.MockitoTestExecutionListener, org.springframework.boot.test.mock.mockito.ResetMocksTestExecutionListener, org.springframework.boot.test.autoconfigure.restdocs.RestDocsTestExecutionListener, org.springframework.boot.test.autoconfigure.web.client.MockRestServiceServerResetTestExecutionListener, org.springframework.boot.test.autoconfigure.web.servlet.MockMvcPrintOnlyOnFailureTestExecutionListener, org.springframework.boot.test.autoconfigure.web.servlet.WebDriverTestExecutionListener, org.springframework.test.context.web.ServletTestExecutionListener, org.springframework.test.context.support.DirtiesContextBeforeModesTestExecutionListener, org.springframework.test.context.support.DependencyInjectionTestExecutionListener, org.springframework.test.context.support.DirtiesContextTestExecutionListener, org.springframework.test.context.transaction.TransactionalTestExecutionListener, org.springframework.test.context.jdbc.SqlScriptsTestExecutionListener, org.springframework.test.context.event.EventPublishingTestExecutionListener]
16:10:42.848 paywei [main] INFO  o.s.b.t.c.SpringBootTestContextBootstrapper - Using TestExecutionListeners: [org.springframework.test.context.web.ServletTestExecutionListener@1a5b6f42, org.springframework.test.context.support.DirtiesContextBeforeModesTestExecutionListener@5038d0b5, org.springframework.boot.test.mock.mockito.MockitoTestExecutionListener@32115b28, org.springframework.boot.test.autoconfigure.SpringBootDependencyInjectionTestExecutionListener@2ad48653, org.springframework.test.context.support.DirtiesContextTestExecutionListener@6bb4dd34, org.springframework.test.context.transaction.TransactionalTestExecutionListener@7d9f158f, org.springframework.test.context.jdbc.SqlScriptsTestExecutionListener@45efd90f, org.springframework.test.context.event.EventPublishingTestExecutionListener@4b8729ff, org.springframework.boot.test.mock.mockito.ResetMocksTestExecutionListener@61710c6, org.springframework.boot.test.autoconfigure.restdocs.RestDocsTestExecutionListener@3214ee6, org.springframework.boot.test.autoconfigure.web.client.MockRestServiceServerResetTestExecutionListener@383dc82c, org.springframework.boot.test.autoconfigure.web.servlet.MockMvcPrintOnlyOnFailureTestExecutionListener@4a07d605, org.springframework.boot.test.autoconfigure.web.servlet.WebDriverTestExecutionListener@74287ea3]
16:10:43.058 paywei [main] INFO  c.demo.paywei.PayweiApplicationTests - Starting PayweiApplicationTests on DESKTOP-4IL9A7A with PID 19720 (started by Yang in F:\paywei)
16:10:43.058 paywei [main] INFO  c.demo.paywei.PayweiApplicationTests - No active profile set, falling back to default profiles: default
16:10:44.708 paywei [main] INFO  o.s.s.c.ThreadPoolTaskExecutor - Initializing ExecutorService 'applicationTaskExecutor'
16:10:44.792 paywei [main] INFO  o.s.b.a.w.s.WelcomePageHandlerMapping - Adding welcome page template: index
16:10:45.125 paywei [main] INFO  c.demo.paywei.PayweiApplicationTests - Started PayweiApplicationTests in 2.245 seconds (JVM running for 3.326)
16:10:45.482 paywei [SpringContextShutdownHook] INFO  o.s.s.c.ThreadPoolTaskExecutor - Shutting down ExecutorService 'applicationTaskExecutor'
16:52:02.702 paywei [main] INFO  com.demo.paywei.PayweiApplication - Starting PayweiApplication on DESKTOP-4IL9A7A with PID 25824 (F:\paywei\target\classes started by Yang in F:\paywei)
16:52:02.704 paywei [main] INFO  com.demo.paywei.PayweiApplication - No active profile set, falling back to default profiles: default
16:52:03.512 paywei [main] INFO  o.s.b.w.e.tomcat.TomcatWebServer - Tomcat initialized with port(s): 8080 (http)
16:52:03.518 paywei [main] INFO  o.a.coyote.http11.Http11NioProtocol - Initializing ProtocolHandler ["http-nio-8080"]
16:52:03.518 paywei [main] INFO  o.a.catalina.core.StandardService - Starting service [Tomcat]
16:52:03.519 paywei [main] INFO  o.a.catalina.core.StandardEngine - Starting Servlet engine: [Apache Tomcat/9.0.29]
16:52:03.615 paywei [main] INFO  o.a.c.c.C.[Tomcat].[localhost].[/] - Initializing Spring embedded WebApplicationContext
16:52:03.615 paywei [main] INFO  o.s.web.context.ContextLoader - Root WebApplicationContext: initialization completed in 879 ms
16:52:03.941 paywei [main] INFO  o.s.s.c.ThreadPoolTaskExecutor - Initializing ExecutorService 'applicationTaskExecutor'
16:52:03.985 paywei [main] INFO  o.s.b.a.w.s.WelcomePageHandlerMapping - Adding welcome page template: index
16:52:04.119 paywei [main] INFO  o.a.coyote.http11.Http11NioProtocol - Starting ProtocolHandler ["http-nio-8080"]
16:52:04.137 paywei [main] INFO  o.s.b.w.e.tomcat.TomcatWebServer - Tomcat started on port(s): 8080 (http) with context path ''
16:52:04.141 paywei [main] INFO  com.demo.paywei.PayweiApplication - Started PayweiApplication in 1.734 seconds (JVM running for 3.112)
16:52:04.174 paywei [http-nio-8080-exec-1] INFO  o.a.tomcat.util.http.parser.Cookie - A cookie header was received [1600762349,1600829568; Hm_lpvt_b393d153aeb26b46e9431fabaf0f6190=1600831494; JSESSIONID=D6655BBEA371E8E40EC11BB8EB2DDD36] that contained an invalid cookie. That cookie will be ignored.
 Note: further occurrences of this error will be logged at DEBUG level.
16:52:04.178 paywei [http-nio-8080-exec-1] INFO  o.a.c.c.C.[Tomcat].[localhost].[/] - Initializing Spring DispatcherServlet 'dispatcherServlet'
16:52:04.178 paywei [http-nio-8080-exec-1] INFO  o.s.web.servlet.DispatcherServlet - Initializing Servlet 'dispatcherServlet'
16:52:04.182 paywei [http-nio-8080-exec-1] INFO  o.s.web.servlet.DispatcherServlet - Completed initialization in 4 ms
16:52:04.288 paywei [http-nio-8080-exec-3] INFO  com.zaxxer.hikari.HikariDataSource - HikariPool-1 - Starting...
16:52:04.582 paywei [http-nio-8080-exec-3] INFO  com.zaxxer.hikari.HikariDataSource - HikariPool-1 - Start completed.
16:56:45.508 paywei [main] INFO  com.demo.paywei.PayweiApplication - Starting PayweiApplication on DESKTOP-4IL9A7A with PID 26492 (F:\paywei\target\classes started by Yang in F:\paywei)
16:56:45.511 paywei [main] INFO  com.demo.paywei.PayweiApplication - No active profile set, falling back to default profiles: default
16:56:46.261 paywei [main] INFO  o.s.b.w.e.tomcat.TomcatWebServer - Tomcat initialized with port(s): 8080 (http)
16:56:46.267 paywei [main] INFO  o.a.coyote.http11.Http11NioProtocol - Initializing ProtocolHandler ["http-nio-8080"]
16:56:46.267 paywei [main] INFO  o.a.catalina.core.StandardService - Starting service [Tomcat]
16:56:46.267 paywei [main] INFO  o.a.catalina.core.StandardEngine - Starting Servlet engine: [Apache Tomcat/9.0.29]
16:56:46.371 paywei [main] INFO  o.a.c.c.C.[Tomcat].[localhost].[/] - Initializing Spring embedded WebApplicationContext
16:56:46.371 paywei [main] INFO  o.s.web.context.ContextLoader - Root WebApplicationContext: initialization completed in 813 ms
16:56:46.670 paywei [main] INFO  o.s.s.c.ThreadPoolTaskExecutor - Initializing ExecutorService 'applicationTaskExecutor'
16:56:46.718 paywei [main] INFO  o.s.b.a.w.s.WelcomePageHandlerMapping - Adding welcome page template: index
16:56:46.851 paywei [main] INFO  o.a.coyote.http11.Http11NioProtocol - Starting ProtocolHandler ["http-nio-8080"]
16:56:46.869 paywei [main] INFO  o.s.b.w.e.tomcat.TomcatWebServer - Tomcat started on port(s): 8080 (http) with context path ''
16:56:46.871 paywei [main] INFO  com.demo.paywei.PayweiApplication - Started PayweiApplication in 1.608 seconds (JVM running for 2.716)
16:56:50.255 paywei [http-nio-8080-exec-1] INFO  o.a.tomcat.util.http.parser.Cookie - A cookie header was received [1600762349,1600829568; JSESSIONID=ED2D379BB7305BDAAC299DEE28B885E2; Hm_lpvt_b393d153aeb26b46e9431fabaf0f6190=1600851216] that contained an invalid cookie. That cookie will be ignored.
 Note: further occurrences of this error will be logged at DEBUG level.
16:56:50.259 paywei [http-nio-8080-exec-1] INFO  o.a.c.c.C.[Tomcat].[localhost].[/] - Initializing Spring DispatcherServlet 'dispatcherServlet'
16:56:50.259 paywei [http-nio-8080-exec-1] INFO  o.s.web.servlet.DispatcherServlet - Initializing Servlet 'dispatcherServlet'
16:56:50.262 paywei [http-nio-8080-exec-1] INFO  o.s.web.servlet.DispatcherServlet - Completed initialization in 3 ms
16:56:50.457 paywei [http-nio-8080-exec-3] INFO  com.zaxxer.hikari.HikariDataSource - HikariPool-1 - Starting...
16:56:50.689 paywei [http-nio-8080-exec-3] INFO  com.zaxxer.hikari.HikariDataSource - HikariPool-1 - Start completed.
